<?xml version="1.0" encoding="utf-8"?><testsuites><testsuite name="pytest" errors="0" failures="0" skipped="0" tests="11" time="2.427" timestamp="2026-05-24T19:00:03.456229" hostname="agent-env-cbdcd10d-e43c-496e-baa0-5a7b611c7625"><testcase classname="backend.tests.test_achats_manager_iter83.TestMarkBoughtEndpoint" name="test_mark_bought_fonds_propres" time="0.273" /><testcase classname="backend.tests.test_achats_manager_iter83.TestMarkBoughtEndpoint" name="test_mark_bought_caisse_restau" time="0.156" /><testcase classname="backend.tests.test_achats_manager_iter83.TestMarkBoughtEndpoint" name="test_mark_bought_invalid_payment_mode" time="0.151" /><testcase classname="backend.tests.test_achats_manager_iter83.TestReimburseFondsPropres" name="test_reimburse_fonds_propres_success" time="0.262" /><testcase classname="backend.tests.test_achats_manager_iter83.TestReimburseFondsPropres" name="test_reimburse_non_fonds_propres_fails" time="0.197" /><testcase classname="backend.tests.test_achats_manager_iter83.TestReimburseFondsPropres" name="test_reimburse_already_reimbursed_fails" time="0.246" /><testcase classname="backend.tests.test_achats_manager_iter83.TestReimburseAllFondsPropres" name="test_reimburse_all_fonds_propres" time="0.489" /><testcase classname="backend.tests.test_achats_manager_iter83.TestPaymentModeCumul" name="test_payment_mode_cumul_structure" time="0.047" /><testcase classname="backend.tests.test_achats_manager_iter83.TestPaymentModeCumul" name="test_payment_mode_cumul_with_data" time="0.347" /><testcase classname="backend.tests.test_achats_manager_iter83.TestCashClosuresSnapshot" name="test_snapshot_contains_fonds_propres_fields" time="0.055" /><testcase classname="backend.tests.test_achats_manager_iter83.TestExpenseUpdatePaymentFields" name="test_update_expense_payment_fields" time="0.154" /></testsuite></testsuites>