<?xml version="1.0" encoding="utf-8"?><testsuites><testsuite name="pytest" errors="0" failures="0" skipped="0" tests="7" time="0.895" timestamp="2026-06-25T15:10:38.729828" hostname="agent-env-cbdcd10d-e43c-496e-baa0-5a7b611c7625"><testcase classname="backend.tests.test_admin_ui_labels_iter112.TestAdminUILabels" name="test_get_defaults_when_no_custom" time="0.339" /><testcase classname="backend.tests.test_admin_ui_labels_iter112.TestAdminUILabels" name="test_put_custom_labels" time="0.057" /><testcase classname="backend.tests.test_admin_ui_labels_iter112.TestAdminUILabels" name="test_get_returns_custom_after_put" time="0.049" /><testcase classname="backend.tests.test_admin_ui_labels_iter112.TestAdminUILabels" name="test_delete_resets_to_defaults" time="0.107" /><testcase classname="backend.tests.test_admin_ui_labels_iter112.TestAdminUILabels" name="test_unknown_key_returns_404" time="0.053" /><testcase classname="backend.tests.test_admin_ui_labels_iter112.TestAdminUILabels" name="test_put_unknown_key_returns_404" time="0.057" /><testcase classname="backend.tests.test_admin_ui_labels_iter112.TestAdminUILabels" name="test_partial_update_preserves_other_fields" time="0.204" /></testsuite></testsuites>