<?xml version="1.0" encoding="utf-8"?><testsuites><testsuite name="pytest" errors="0" failures="0" skipped="0" tests="13" time="4.740" timestamp="2026-05-30T18:52:27.896023" hostname="agent-env-cbdcd10d-e43c-496e-baa0-5a7b611c7625"><testcase classname="backend.tests.test_admin_delete_iter93.TestDailyReportsDelete" name="test_delete_daily_report_admin_success" time="0.729" /><testcase classname="backend.tests.test_admin_delete_iter93.TestDailyReportsDelete" name="test_delete_daily_report_cuisinier_forbidden" time="0.350" /><testcase classname="backend.tests.test_admin_delete_iter93.TestDailyReportsDelete" name="test_delete_daily_report_not_found" time="0.108" /><testcase classname="backend.tests.test_admin_delete_iter93.TestCuisineMessagesDelete" name="test_delete_message_admin_success" time="0.463" /><testcase classname="backend.tests.test_admin_delete_iter93.TestCuisineMessagesDelete" name="test_delete_message_manager_forbidden" time="0.312" /><testcase classname="backend.tests.test_admin_delete_iter93.TestCuisineMessagesDelete" name="test_delete_message_not_found" time="0.108" /><testcase classname="backend.tests.test_admin_delete_iter93.TestCuisineMessagesAll" name="test_get_all_messages_admin_success" time="0.108" /><testcase classname="backend.tests.test_admin_delete_iter93.TestCuisineMessagesAll" name="test_get_all_messages_cuisinier_forbidden" time="0.108" /><testcase classname="backend.tests.test_admin_delete_iter93.TestCuisineEventsDelete" name="test_delete_event_admin_success" time="0.490" /><testcase classname="backend.tests.test_admin_delete_iter93.TestCuisineEventsDelete" name="test_delete_event_cuisinier_forbidden" time="0.104" /><testcase classname="backend.tests.test_admin_delete_iter93.TestCuisineEventsDelete" name="test_delete_event_not_found" time="0.107" /><testcase classname="backend.tests.test_admin_delete_iter93.TestCleanup" name="test_cleanup_test_reports" time="1.606" /><testcase classname="backend.tests.test_admin_delete_iter93.TestCleanup" name="test_cleanup_test_messages" time="0.118" /></testsuite></testsuites>