<?xml version="1.0" encoding="utf-8"?><testsuites><testsuite name="pytest" errors="0" failures="0" skipped="0" tests="10" time="3.055" timestamp="2026-02-23T11:33:51.723690" hostname="agent-env-a80369b6-bc55-47aa-a259-dc080e182456"><testcase classname="backend.tests.test_admin_auth.TestAdminAuthentication" name="test_admin_login_correct_password" time="0.413" /><testcase classname="backend.tests.test_admin_auth.TestAdminAuthentication" name="test_admin_login_wrong_password" time="0.350" /><testcase classname="backend.tests.test_admin_auth.TestAdminAuthentication" name="test_admin_login_empty_password" time="0.322" /><testcase classname="backend.tests.test_admin_auth.TestAdminRoutesProtection" name="test_admin_stats_without_token" time="0.106" /><testcase classname="backend.tests.test_admin_auth.TestAdminRoutesProtection" name="test_admin_stats_with_valid_token" time="0.450" /><testcase classname="backend.tests.test_admin_auth.TestAdminRoutesProtection" name="test_admin_stats_with_invalid_token" time="0.130" /><testcase classname="backend.tests.test_admin_auth.TestAdminRoutesProtection" name="test_admin_bookings_without_token" time="0.166" /><testcase classname="backend.tests.test_admin_auth.TestAdminRoutesProtection" name="test_admin_bookings_with_valid_token" time="0.441" /><testcase classname="backend.tests.test_admin_auth.TestTokenVerification" name="test_verify_auth_without_token" time="0.101" /><testcase classname="backend.tests.test_admin_auth.TestTokenVerification" name="test_verify_auth_with_valid_token" time="0.439" /></testsuite></testsuites>