<?xml version="1.0" encoding="utf-8"?><testsuites><testsuite name="pytest" errors="0" failures="0" skipped="0" tests="16" time="2.293" timestamp="2026-04-17T19:32:55.222159" hostname="agent-env-cbdcd10d-e43c-496e-baa0-5a7b611c7625"><testcase classname="backend.tests.test_analytics_dashboard.TestAnalyticsDashboard" name="test_analytics_dashboard_returns_200" time="0.185" /><testcase classname="backend.tests.test_analytics_dashboard.TestAnalyticsDashboard" name="test_analytics_dashboard_structure" time="0.162" /><testcase classname="backend.tests.test_analytics_dashboard.TestAnalyticsDashboard" name="test_current_month_fields" time="0.130" /><testcase classname="backend.tests.test_analytics_dashboard.TestAnalyticsDashboard" name="test_previous_month_fields" time="0.106" /><testcase classname="backend.tests.test_analytics_dashboard.TestAnalyticsDashboard" name="test_growth_fields" time="0.141" /><testcase classname="backend.tests.test_analytics_dashboard.TestAnalyticsDashboard" name="test_top_products_max_10" time="0.147" /><testcase classname="backend.tests.test_analytics_dashboard.TestAnalyticsDashboard" name="test_top_products_structure" time="0.180" /><testcase classname="backend.tests.test_analytics_dashboard.TestAnalyticsDashboard" name="test_poulet_braise_in_top_products" time="0.119" /><testcase classname="backend.tests.test_analytics_dashboard.TestAnalyticsDashboard" name="test_payment_method_normalization" time="0.155" /><testcase classname="backend.tests.test_analytics_dashboard.TestAnalyticsDashboard" name="test_month_1_uses_previous_year_december" time="0.110" /><testcase classname="backend.tests.test_analytics_dashboard.TestAnalyticsDashboard" name="test_only_validated_invoices_counted" time="0.111" /><testcase classname="backend.tests.test_analytics_dashboard.TestAnalyticsDashboard" name="test_growth_percentage_positive_when_current_higher" time="0.123" /><testcase classname="backend.tests.test_analytics_dashboard.TestAnalyticsDashboard" name="test_by_server_structure" time="0.110" /><testcase classname="backend.tests.test_analytics_dashboard.TestAnalyticsDashboard" name="test_by_department_structure" time="0.191" /><testcase classname="backend.tests.test_analytics_dashboard.TestAnalyticsDashboard" name="test_daily_stats_structure" time="0.127" /><testcase classname="backend.tests.test_analytics_dashboard.TestAnalyticsDashboard" name="test_default_params_use_current_month" time="0.125" /></testsuite></testsuites>