<?xml version="1.0" encoding="utf-8"?><testsuites><testsuite name="pytest" errors="0" failures="0" skipped="0" tests="16" time="3.707" timestamp="2026-05-24T19:31:29.036910" hostname="agent-env-cbdcd10d-e43c-496e-baa0-5a7b611c7625"><testcase classname="backend.tests.test_appro_manager_iter84.TestApproManagerDoneWithPaymentMode" name="test_mark_done_with_fonds_propres" time="0.588" /><testcase classname="backend.tests.test_appro_manager_iter84.TestApproManagerDoneWithPaymentMode" name="test_mark_done_with_caisse_restau" time="0.149" /><testcase classname="backend.tests.test_appro_manager_iter84.TestApproManagerDoneWithPaymentMode" name="test_mark_done_invalid_payment_mode_returns_400" time="0.159" /><testcase classname="backend.tests.test_appro_manager_iter84.TestApproManagerDoneWithPaymentMode" name="test_mark_done_without_payment_mode_backward_compat" time="0.148" /><testcase classname="backend.tests.test_appro_manager_iter84.TestApproManagerPatchItem" name="test_patch_quantity_and_estimated_unit_price_recalculates_total" time="0.149" /><testcase classname="backend.tests.test_appro_manager_iter84.TestApproManagerPatchItem" name="test_patch_real_unit_price_recalculates_real_total" time="0.174" /><testcase classname="backend.tests.test_appro_manager_iter84.TestApproManagerReimburse" name="test_reimburse_item_success" time="0.248" /><testcase classname="backend.tests.test_appro_manager_iter84.TestApproManagerReimburse" name="test_reimburse_fails_if_not_fonds_propres" time="0.189" /><testcase classname="backend.tests.test_appro_manager_iter84.TestApproManagerReimburse" name="test_reimburse_fails_if_already_reimbursed" time="0.240" /><testcase classname="backend.tests.test_appro_manager_iter84.TestApproManagerReimburse" name="test_reimburse_all_bulk" time="0.342" /><testcase classname="backend.tests.test_appro_manager_iter84.TestApproManagerUndo" name="test_undo_resets_payment_fields" time="0.191" /><testcase classname="backend.tests.test_appro_manager_iter84.TestApproManagerPaymentModeCumul" name="test_payment_mode_cumul_structure" time="0.046" /><testcase classname="backend.tests.test_appro_manager_iter84.TestApproManagerPaymentModeCumul" name="test_payment_mode_cumul_with_data" time="0.335" /><testcase classname="backend.tests.test_appro_manager_iter84.TestCashClosuresSnapshotWithShoppingList" name="test_snapshot_includes_shopping_list_fonds_propres" time="0.198" /><testcase classname="backend.tests.test_appro_manager_iter84.TestRegressionToExpense" name="test_transfer_to_expense_still_works" time="0.286" /><testcase classname="backend.tests.test_appro_manager_iter84.TestOldItemsWithoutPaymentMode" name="test_old_items_without_payment_mode_still_work" time="0.200" /></testsuite></testsuites>