<?xml version="1.0" encoding="utf-8"?><testsuites><testsuite name="pytest" errors="0" failures="0" skipped="0" tests="24" time="5.325" timestamp="2026-05-02T21:34:36.583842" hostname="agent-env-cbdcd10d-e43c-496e-baa0-5a7b611c7625"><testcase classname="backend.tests.test_audit_logs_iter80.TestAuditLogsAccess" name="test_audit_logs_admin_access_returns_200" time="0.232" /><testcase classname="backend.tests.test_audit_logs_iter80.TestAuditLogsAccess" name="test_audit_logs_manager_access_returns_403" time="0.115" /><testcase classname="backend.tests.test_audit_logs_iter80.TestAuditLogsAccess" name="test_audit_logs_server_access_returns_403" time="0.104" /><testcase classname="backend.tests.test_audit_logs_iter80.TestAuditLogsAccess" name="test_audit_logs_no_role_returns_error" time="0.106" /><testcase classname="backend.tests.test_audit_logs_iter80.TestInvoiceAuditLogging" name="test_create_invoice_generates_audit_log" time="0.331" /><testcase classname="backend.tests.test_audit_logs_iter80.TestInvoiceAuditLogging" name="test_validate_invoice_generates_validate_log" time="0.458" /><testcase classname="backend.tests.test_audit_logs_iter80.TestInvoiceAuditLogging" name="test_cancel_invoice_generates_cancel_log" time="0.478" /><testcase classname="backend.tests.test_audit_logs_iter80.TestInvoiceAuditLogging" name="test_delete_invoice_generates_delete_log" time="0.294" /><testcase classname="backend.tests.test_audit_logs_iter80.TestTableAuditLogging" name="test_update_table_generates_audit_log" time="0.431" /><testcase classname="backend.tests.test_audit_logs_iter80.TestTableAuditLogging" name="test_delete_table_with_reason_cancelled_generates_log" time="0.351" /><testcase classname="backend.tests.test_audit_logs_iter80.TestTableAuditLogging" name="test_delete_table_without_reason_does_not_log" time="0.413" /><testcase classname="backend.tests.test_audit_logs_iter80.TestAuditLogsFilters" name="test_filter_by_entity_type_invoice" time="0.105" /><testcase classname="backend.tests.test_audit_logs_iter80.TestAuditLogsFilters" name="test_filter_by_entity_type_table" time="0.100" /><testcase classname="backend.tests.test_audit_logs_iter80.TestAuditLogsFilters" name="test_filter_by_actor_role_manager" time="0.113" /><testcase classname="backend.tests.test_audit_logs_iter80.TestAuditLogsFilters" name="test_filter_by_actor_role_server" time="0.120" /><testcase classname="backend.tests.test_audit_logs_iter80.TestAuditLogsFilters" name="test_filter_by_action_create" time="0.134" /><testcase classname="backend.tests.test_audit_logs_iter80.TestAuditLogsFilters" name="test_filter_by_action_validate" time="0.111" /><testcase classname="backend.tests.test_audit_logs_iter80.TestAuditLogsFilters" name="test_filter_by_date_range" time="0.108" /><testcase classname="backend.tests.test_audit_logs_iter80.TestAuditLogsFilters" name="test_filter_by_search_invoice_number" time="0.115" /><testcase classname="backend.tests.test_audit_logs_iter80.TestAuditLogsFilters" name="test_combined_filters" time="0.121" /><testcase classname="backend.tests.test_audit_logs_iter80.TestAuditLogsDataIntegrity" name="test_no_mongodb_id_in_response" time="0.109" /><testcase classname="backend.tests.test_audit_logs_iter80.TestAuditLogsDataIntegrity" name="test_audit_log_structure" time="0.116" /><testcase classname="backend.tests.test_audit_logs_iter80.TestAuditLogsDataIntegrity" name="test_snapshot_contains_useful_data" time="0.106" /><testcase classname="backend.tests.test_audit_logs_iter80.TestUpdateItemsAuditLogging" name="test_update_items_generates_audit_log_with_diff" time="0.587" /></testsuite></testsuites>