<?xml version="1.0" encoding="utf-8"?><testsuites><testsuite name="pytest" errors="0" failures="2" skipped="0" tests="24" time="5.677" timestamp="2026-05-02T21:29:22.853404" hostname="agent-env-cbdcd10d-e43c-496e-baa0-5a7b611c7625"><testcase classname="backend.tests.test_audit_logs_iter80.TestAuditLogsAccess" name="test_audit_logs_admin_access_returns_200" time="0.251" /><testcase classname="backend.tests.test_audit_logs_iter80.TestAuditLogsAccess" name="test_audit_logs_manager_access_returns_403" time="0.135" /><testcase classname="backend.tests.test_audit_logs_iter80.TestAuditLogsAccess" name="test_audit_logs_server_access_returns_403" time="0.125" /><testcase classname="backend.tests.test_audit_logs_iter80.TestAuditLogsAccess" name="test_audit_logs_no_role_returns_error" time="0.120" /><testcase classname="backend.tests.test_audit_logs_iter80.TestInvoiceAuditLogging" name="test_create_invoice_generates_audit_log" time="0.350" /><testcase classname="backend.tests.test_audit_logs_iter80.TestInvoiceAuditLogging" name="test_validate_invoice_generates_validate_log" time="0.515" /><testcase classname="backend.tests.test_audit_logs_iter80.TestInvoiceAuditLogging" name="test_cancel_invoice_generates_cancel_log" time="0.433" /><testcase classname="backend.tests.test_audit_logs_iter80.TestInvoiceAuditLogging" name="test_delete_invoice_generates_delete_log" time="0.330" /><testcase classname="backend.tests.test_audit_logs_iter80.TestTableAuditLogging" name="test_update_table_generates_audit_log" time="0.446"><failure message="AssertionError: No 'update' audit log found for table fa3e0ff2-52f7-45db-87bd-3adc3d59d52a&#10;assert None is not None">backend/tests/test_audit_logs_iter80.py:325: in test_update_table_generates_audit_log
    assert update_log is not None, f"No 'update' audit log found for table {table_id}"
E   AssertionError: No 'update' audit log found for table fa3e0ff2-52f7-45db-87bd-3adc3d59d52a
E   assert None is not None</failure></testcase><testcase classname="backend.tests.test_audit_logs_iter80.TestTableAuditLogging" name="test_delete_table_with_reason_cancelled_generates_log" time="0.333"><failure message="AssertionError: No 'delete' audit log found for table 4bc90670-686a-4400-8275-f70012663176&#10;assert None is not None">backend/tests/test_audit_logs_iter80.py:379: in test_delete_table_with_reason_cancelled_generates_log
    assert delete_log is not None, f"No 'delete' audit log found for table {table_id}"
E   AssertionError: No 'delete' audit log found for table 4bc90670-686a-4400-8275-f70012663176
E   assert None is not None</failure></testcase><testcase classname="backend.tests.test_audit_logs_iter80.TestTableAuditLogging" name="test_delete_table_without_reason_does_not_log" time="0.452" /><testcase classname="backend.tests.test_audit_logs_iter80.TestAuditLogsFilters" name="test_filter_by_entity_type_invoice" time="0.119" /><testcase classname="backend.tests.test_audit_logs_iter80.TestAuditLogsFilters" name="test_filter_by_entity_type_table" time="0.112" /><testcase classname="backend.tests.test_audit_logs_iter80.TestAuditLogsFilters" name="test_filter_by_actor_role_manager" time="0.133" /><testcase classname="backend.tests.test_audit_logs_iter80.TestAuditLogsFilters" name="test_filter_by_actor_role_server" time="0.112" /><testcase classname="backend.tests.test_audit_logs_iter80.TestAuditLogsFilters" name="test_filter_by_action_create" time="0.118" /><testcase classname="backend.tests.test_audit_logs_iter80.TestAuditLogsFilters" name="test_filter_by_action_validate" time="0.108" /><testcase classname="backend.tests.test_audit_logs_iter80.TestAuditLogsFilters" name="test_filter_by_date_range" time="0.116" /><testcase classname="backend.tests.test_audit_logs_iter80.TestAuditLogsFilters" name="test_filter_by_search_invoice_number" time="0.222" /><testcase classname="backend.tests.test_audit_logs_iter80.TestAuditLogsFilters" name="test_combined_filters" time="0.105" /><testcase classname="backend.tests.test_audit_logs_iter80.TestAuditLogsDataIntegrity" name="test_no_mongodb_id_in_response" time="0.112" /><testcase classname="backend.tests.test_audit_logs_iter80.TestAuditLogsDataIntegrity" name="test_audit_log_structure" time="0.123" /><testcase classname="backend.tests.test_audit_logs_iter80.TestAuditLogsDataIntegrity" name="test_snapshot_contains_useful_data" time="0.106" /><testcase classname="backend.tests.test_audit_logs_iter80.TestUpdateItemsAuditLogging" name="test_update_items_generates_audit_log_with_diff" time="0.566" /></testsuite></testsuites>