<?xml version="1.0" encoding="utf-8"?><testsuites><testsuite name="pytest" errors="0" failures="0" skipped="0" tests="11" time="2.510" timestamp="2026-04-25T21:51:36.658084" hostname="agent-env-cbdcd10d-e43c-496e-baa0-5a7b611c7625"><testcase classname="backend.tests.test_auto_compose_recipes_iter68.TestAutoComposeRecipes" name="test_auto_compose_dry_run" time="0.277" /><testcase classname="backend.tests.test_auto_compose_recipes_iter68.TestAutoComposeRecipes" name="test_auto_compose_only_unmatched_skips_existing" time="0.306" /><testcase classname="backend.tests.test_auto_compose_recipes_iter68.TestAutoComposeRecipes" name="test_auto_compose_skip_dishless" time="0.153" /><testcase classname="backend.tests.test_auto_compose_recipes_iter68.TestAutoComposeRecipes" name="test_auto_compose_creates_recipes_with_correct_structure" time="0.149" /><testcase classname="backend.tests.test_auto_compose_recipes_iter68.TestAutoComposeRecipes" name="test_auto_compose_keyword_matching" time="0.254" /><testcase classname="backend.tests.test_auto_compose_recipes_iter68.TestAutoComposeRecipes" name="test_auto_compose_department_filter" time="0.301" /><testcase classname="backend.tests.test_auto_compose_recipes_iter68.TestAutoComposeRecipesIntegration" name="test_auto_compose_actual_creation" time="0.436" /><testcase classname="backend.tests.test_auto_compose_recipes_iter68.TestAutoComposeRecipesIntegration" name="test_auto_generated_recipes_have_correct_fields" time="0.123" /><testcase classname="backend.tests.test_auto_compose_recipes_iter68.TestRecipesEndpoints" name="test_get_recipes" time="0.178" /><testcase classname="backend.tests.test_auto_compose_recipes_iter68.TestRecipesEndpoints" name="test_recipe_has_cost_and_margin" time="0.137" /><testcase classname="backend.tests.test_auto_compose_recipes_iter68.TestStockMovementsForRecipes" name="test_get_movements_with_sortie_type" time="0.125" /></testsuite></testsuites>