<?xml version="1.0" encoding="utf-8"?><testsuites><testsuite name="pytest" errors="0" failures="0" skipped="0" tests="4" time="4.059" timestamp="2026-06-25T18:09:12.994813" hostname="agent-env-cbdcd10d-e43c-496e-baa0-5a7b611c7625"><testcase classname="backend.tests.test_billettage_iter116" name="test_billettage_post_with_ecart_confirme_note" time="3.852" /><testcase classname="backend.tests.test_billettage_iter116" name="test_billettage_get_returns_ecart_note" time="0.048" /><testcase classname="backend.tests.test_billettage_iter116" name="test_billettage_post_overwrites_notes" time="0.090" /><testcase classname="backend.tests.test_billettage_iter116" name="test_billettage_reconciliation_endpoint" time="0.046" /></testsuite></testsuites>