<?xml version="1.0" encoding="utf-8"?><testsuites><testsuite name="pytest" errors="0" failures="0" skipped="0" tests="11" time="1.985" timestamp="2026-04-14T01:37:05.726565" hostname="agent-env-cbdcd10d-e43c-496e-baa0-5a7b611c7625"><testcase classname="backend.tests.test_billettage.TestBillettageFeature" name="test_create_financial_point_with_billettage" time="0.159" /><testcase classname="backend.tests.test_billettage.TestBillettageFeature" name="test_get_financial_point_has_billettage" time="0.166" /><testcase classname="backend.tests.test_billettage.TestBillettageFeature" name="test_sign_financial_point" time="0.124" /><testcase classname="backend.tests.test_billettage.TestBillettageFeature" name="test_admin_validate_financial_point" time="0.119" /><testcase classname="backend.tests.test_billettage.TestBillettageFeature" name="test_pdf_includes_billettage_table" time="0.132" /><testcase classname="backend.tests.test_billettage.TestBillettageFeature" name="test_pdf_shows_reversement_title" time="0.125" /><testcase classname="backend.tests.test_billettage.TestBillettageFeature" name="test_pdf_shows_credit_not_portefeuille" time="0.125" /><testcase classname="backend.tests.test_billettage.TestBillettageFeature" name="test_cleanup_test_point" time="0.224" /><testcase classname="backend.tests.test_billettage.TestBillettageWithoutData" name="test_create_without_billettage" time="0.106" /><testcase classname="backend.tests.test_billettage.TestBillettageWithoutData" name="test_pdf_without_billettage_no_table" time="0.398" /><testcase classname="backend.tests.test_billettage.TestBillettageWithoutData" name="test_cleanup_no_billettage_point" time="0.254" /></testsuite></testsuites>