<?xml version="1.0" encoding="utf-8"?><testsuites><testsuite name="pytest" errors="0" failures="0" skipped="0" tests="17" time="2.352" timestamp="2026-03-05T13:23:01.506770" hostname="agent-env-0e94eb59-c561-43fd-9a0d-27a99f28328a"><testcase classname="backend.tests.test_caisse.TestCaisseLogin" name="test_login_with_master_password_caisse2026" time="0.144" /><testcase classname="backend.tests.test_caisse.TestCaisseLogin" name="test_login_with_master_password_espacemaxo" time="0.110" /><testcase classname="backend.tests.test_caisse.TestCaisseLogin" name="test_login_with_wrong_password_fails" time="0.111" /><testcase classname="backend.tests.test_caisse.TestInvoices" name="test_get_invoices" time="0.116" /><testcase classname="backend.tests.test_caisse.TestInvoices" name="test_create_invoice" time="0.109" /><testcase classname="backend.tests.test_caisse.TestInvoices" name="test_get_invoice_by_id" time="0.187" /><testcase classname="backend.tests.test_caisse.TestInvoices" name="test_get_invoice_stats" time="0.112" /><testcase classname="backend.tests.test_caisse.TestInvoices" name="test_get_monthly_stats" time="0.103" /><testcase classname="backend.tests.test_caisse.TestInvoicePDF" name="test_pdf_export_existing_invoice" time="0.269" /><testcase classname="backend.tests.test_caisse.TestInvoicePDF" name="test_pdf_export_nonexistent_invoice" time="0.117" /><testcase classname="backend.tests.test_caisse.TestCaisseProducts" name="test_get_products" time="0.107" /><testcase classname="backend.tests.test_caisse.TestCaisseProducts" name="test_create_product" time="0.104" /><testcase classname="backend.tests.test_caisse.TestCaisseProducts" name="test_delete_product" time="0.232" /><testcase classname="backend.tests.test_caisse.TestCaisseClients" name="test_get_clients" time="0.110" /><testcase classname="backend.tests.test_caisse.TestCaisseClients" name="test_create_client" time="0.105" /><testcase classname="backend.tests.test_caisse.TestCaisseUsers" name="test_get_users" time="0.136" /><testcase classname="backend.tests.test_caisse.TestCaisseUsers" name="test_create_user" time="0.105" /></testsuite></testsuites>