<?xml version="1.0" encoding="utf-8"?><testsuites><testsuite name="pytest" errors="0" failures="0" skipped="0" tests="12" time="2.165" timestamp="2026-03-05T14:04:47.139438" hostname="agent-env-0e94eb59-c561-43fd-9a0d-27a99f28328a"><testcase classname="backend.tests.test_caisse_sessions.TestCaisseLoginModes" name="test_admin_login_with_password" time="0.132" /><testcase classname="backend.tests.test_caisse_sessions.TestCaisseLoginModes" name="test_admin_login_wrong_password" time="0.118" /><testcase classname="backend.tests.test_caisse_sessions.TestCaisseLoginModes" name="test_server_login_with_pin" time="0.254" /><testcase classname="backend.tests.test_caisse_sessions.TestCaisseLoginModes" name="test_login_with_invalid_pin" time="0.106" /><testcase classname="backend.tests.test_caisse_sessions.TestUserCreationWithPIN" name="test_create_server_user_with_pin" time="0.115" /><testcase classname="backend.tests.test_caisse_sessions.TestUserCreationWithPIN" name="test_create_manager_user_with_pin" time="0.101" /><testcase classname="backend.tests.test_caisse_sessions.TestInvoiceFilteringByRole" name="test_create_invoice_with_created_by" time="0.122" /><testcase classname="backend.tests.test_caisse_sessions.TestInvoiceFilteringByRole" name="test_get_all_invoices_as_admin" time="0.104" /><testcase classname="backend.tests.test_caisse_sessions.TestInvoiceFilteringByRole" name="test_get_invoices_filtered_by_server_role" time="0.237" /><testcase classname="backend.tests.test_caisse_sessions.TestUsersTabVisibility" name="test_get_users_list" time="0.097" /><testcase classname="backend.tests.test_caisse_sessions.TestUsersTabVisibility" name="test_users_have_pin_field" time="0.098" /><testcase classname="backend.tests.test_caisse_sessions.TestEndToEndServerSession" name="test_full_server_workflow" time="0.614" /></testsuite></testsuites>