<?xml version="1.0" encoding="utf-8"?><testsuites><testsuite name="pytest" errors="0" failures="0" skipped="0" tests="13" time="2.535" timestamp="2026-03-05T13:49:07.174078" hostname="agent-env-0e94eb59-c561-43fd-9a0d-27a99f28328a"><testcase classname="tests.test_caisse_departments.TestCaisseLogin" name="test_login_with_caisse_password" time="0.205" /><testcase classname="tests.test_caisse_departments.TestCaisseLogin" name="test_login_with_wrong_password" time="0.116" /><testcase classname="tests.test_caisse_departments.TestInvoiceCreationWithValidation" name="test_create_invoice_with_pending_status" time="0.119" /><testcase classname="tests.test_caisse_departments.TestInvoiceCreationWithValidation" name="test_validate_invoice" time="0.569" /><testcase classname="tests.test_caisse_departments.TestDepartments" name="test_create_invoice_all_departments" time="0.106" /><testcase classname="tests.test_caisse_departments.TestDepartments" name="test_stats_include_all_departments" time="0.121" /><testcase classname="tests.test_caisse_departments.TestDepartments" name="test_monthly_stats_include_all_departments" time="0.142" /><testcase classname="tests.test_caisse_departments.TestAutresCustomEntry" name="test_custom_item_in_autres" time="0.110" /><testcase classname="tests.test_caisse_departments.TestUserManagement" name="test_create_user" time="0.110" /><testcase classname="tests.test_caisse_departments.TestUserManagement" name="test_get_users" time="0.117" /><testcase classname="tests.test_caisse_departments.TestUserManagement" name="test_update_user" time="0.353" /><testcase classname="tests.test_caisse_departments.TestUserManagement" name="test_delete_user" time="0.276" /><testcase classname="tests.test_caisse_departments.TestInvoicesList" name="test_get_invoices_by_date" time="0.111" /></testsuite></testsuites>