<?xml version="1.0" encoding="utf-8"?><testsuites><testsuite name="pytest" errors="0" failures="0" skipped="0" tests="8" time="1.243" timestamp="2026-06-24T12:47:15.769748" hostname="agent-env-cbdcd10d-e43c-496e-baa0-5a7b611c7625"><testcase classname="backend.tests.test_caisse_login_pin_iter105.TestManagerPin2468" name="test_pin_2468_login_success" time="0.348" /><testcase classname="backend.tests.test_caisse_login_pin_iter105.TestManagerPin2468" name="test_pin_with_surrounding_spaces" time="0.134" /><testcase classname="backend.tests.test_caisse_login_pin_iter105.TestManagerPin2468" name="test_pin_in_password_field_fallback" time="0.139" /><testcase classname="backend.tests.test_caisse_login_pin_iter105.TestAdminMaster" name="test_admin_master_password" time="0.095" /><testcase classname="backend.tests.test_caisse_login_pin_iter105.TestLoginFailures" name="test_bad_pin_returns_401" time="0.144" /><testcase classname="backend.tests.test_caisse_login_pin_iter105.TestLoginFailures" name="test_empty_body_returns_401" time="0.102" /><testcase classname="backend.tests.test_caisse_login_pin_iter105.TestRegressionPins" name="test_cuisinier_1357" time="0.108" /><testcase classname="backend.tests.test_caisse_login_pin_iter105.TestRegressionPins" name="test_coach_9876" time="0.156" /></testsuite></testsuites>