<?xml version="1.0" encoding="utf-8"?><testsuites><testsuite name="pytest" errors="0" failures="0" skipped="0" tests="16" time="2.131" timestamp="2026-03-30T11:16:21.520053" hostname="agent-env-cbdcd10d-e43c-496e-baa0-5a7b611c7625"><testcase classname="backend.tests.test_caisse_full.TestCaisseLogin" name="test_login_gerante_pin_0000" time="0.134" /><testcase classname="backend.tests.test_caisse_full.TestCaisseLogin" name="test_login_serveur_pin_1234" time="0.110" /><testcase classname="backend.tests.test_caisse_full.TestCaisseLogin" name="test_login_admin_password" time="0.100" /><testcase classname="backend.tests.test_caisse_full.TestCaisseLogin" name="test_login_invalid_pin" time="0.112" /><testcase classname="backend.tests.test_caisse_full.TestCaisseTables" name="test_get_tables_status" time="0.101" /><testcase classname="backend.tests.test_caisse_full.TestCaisseTables" name="test_get_available_tables" time="0.118" /><testcase classname="backend.tests.test_caisse_full.TestCaisseTables" name="test_create_and_delete_table" time="0.190" /><testcase classname="backend.tests.test_caisse_full.TestCaisseInvoices" name="test_get_invoices" time="0.104" /><testcase classname="backend.tests.test_caisse_full.TestCaisseInvoices" name="test_get_invoice_stats" time="0.097" /><testcase classname="backend.tests.test_caisse_full.TestCaisseInvoices" name="test_create_invoice" time="0.242" /><testcase classname="backend.tests.test_caisse_full.TestCaisseProducts" name="test_get_products" time="0.102" /><testcase classname="backend.tests.test_caisse_full.TestSubscriptions" name="test_get_subscriptions" time="0.109" /><testcase classname="backend.tests.test_caisse_full.TestSubscriptions" name="test_get_alerts_summary" time="0.128" /><testcase classname="backend.tests.test_caisse_full.TestSubscriptions" name="test_create_and_delete_subscription" time="0.200" /><testcase classname="backend.tests.test_caisse_full.TestCaisseUsers" name="test_get_users" time="0.104" /><testcase classname="backend.tests.test_caisse_full.TestCaisseClients" name="test_get_clients" time="0.103" /></testsuite></testsuites>