<?xml version="1.0" encoding="utf-8"?><testsuites><testsuite name="pytest" errors="0" failures="0" skipped="0" tests="20" time="5.671" timestamp="2026-05-30T19:50:30.575565" hostname="agent-env-cbdcd10d-e43c-496e-baa0-5a7b611c7625"><testcase classname="backend.tests.test_coach_players_iter94.TestCoachPlayersCreate" name="test_create_player_success" time="0.406" /><testcase classname="backend.tests.test_coach_players_iter94.TestCoachPlayersCreate" name="test_create_player_empty_name_400" time="0.116" /><testcase classname="backend.tests.test_coach_players_iter94.TestCoachPlayersCreate" name="test_create_player_server_role_403" time="0.117" /><testcase classname="backend.tests.test_coach_players_iter94.TestCoachPlayersGet" name="test_list_players_coach_jeux" time="0.235" /><testcase classname="backend.tests.test_coach_players_iter94.TestCoachPlayersGet" name="test_list_players_forbidden_role" time="0.145" /><testcase classname="backend.tests.test_coach_players_iter94.TestCoachPlayersConsume" name="test_consume_parties_mode" time="0.218" /><testcase classname="backend.tests.test_coach_players_iter94.TestCoachPlayersConsume" name="test_consume_hourly_mode" time="0.230" /><testcase classname="backend.tests.test_coach_players_iter94.TestCoachPlayersConsume" name="test_consume_parties_invalid_400" time="0.271" /><testcase classname="backend.tests.test_coach_players_iter94.TestCoachPlayersConsume" name="test_consume_hours_invalid_400" time="0.229" /><testcase classname="backend.tests.test_coach_players_iter94.TestCoachPlayersConsume" name="test_consume_on_transmitted_player_400" time="0.489" /><testcase classname="backend.tests.test_coach_players_iter94.TestCoachPlayersRemoveConsumption" name="test_remove_consumption_success" time="0.472" /><testcase classname="backend.tests.test_coach_players_iter94.TestCoachPlayersDelete" name="test_delete_player_success" time="0.276" /><testcase classname="backend.tests.test_coach_players_iter94.TestCoachPlayersTransmit" name="test_transmit_single_player" time="0.337" /><testcase classname="backend.tests.test_coach_players_iter94.TestCoachPlayersTransmit" name="test_transmit_multiple_players" time="0.583" /><testcase classname="backend.tests.test_coach_players_iter94.TestCoachPlayersTransmit" name="test_transmit_empty_player_ids_400" time="0.110" /><testcase classname="backend.tests.test_coach_players_iter94.TestCoachPlayersTransmit" name="test_transmit_nonexistent_player_404" time="0.114" /><testcase classname="backend.tests.test_coach_players_iter94.TestCaisseTablesActorRole" name="test_tables_admin_sees_all" time="0.106" /><testcase classname="backend.tests.test_coach_players_iter94.TestCaisseTablesActorRole" name="test_tables_manager_sees_all" time="0.103" /><testcase classname="backend.tests.test_coach_players_iter94.TestCaisseTablesActorRole" name="test_tables_server_id_filter" time="0.116" /><testcase classname="backend.tests.test_coach_players_iter94.TestCleanup" name="test_cleanup_test_players" time="0.946" /></testsuite></testsuites>