<?xml version="1.0" encoding="utf-8"?><testsuites><testsuite name="pytest" errors="0" failures="2" skipped="0" tests="18" time="3.162" timestamp="2026-02-26T12:53:49.258092" hostname="agent-env-c6bee709-0db7-42bc-abfd-9759646658b1"><testcase classname="tests.test_combo_table.TestMenuCombosOnly" name="test_menu_returns_combos_with_is_combo_flag" time="0.127" /><testcase classname="tests.test_combo_table.TestComboOrdersAPI" name="test_create_combo_order_missing_fields" time="0.098" /><testcase classname="tests.test_combo_table.TestComboOrdersAPI" name="test_create_combo_order_no_items" time="0.123" /><testcase classname="tests.test_combo_table.TestComboOrdersAPI" name="test_create_combo_order_success" time="0.102"><failure message="assert 400 == 200&#10; +  where 400 = &lt;Response [400]&gt;.status_code">tests/test_combo_table.py:132: in test_create_combo_order_success
    assert response.status_code == 200
E   assert 400 == 200
E    +  where 400 = &lt;Response [400]&gt;.status_code</failure></testcase><testcase classname="tests.test_combo_table.TestComboOrdersAPI" name="test_create_combo_order_with_simulator" time="0.097"><failure message="assert 400 == 200&#10; +  where 400 = &lt;Response [400]&gt;.status_code">tests/test_combo_table.py:156: in test_create_combo_order_with_simulator
    assert response.status_code == 200
E   assert 400 == 200
E    +  where 400 = &lt;Response [400]&gt;.status_code</failure></testcase><testcase classname="tests.test_combo_table.TestComboOrdersAPI" name="test_admin_get_combo_orders_without_auth" time="0.126" /><testcase classname="tests.test_combo_table.TestComboOrdersAPI" name="test_admin_get_combo_orders_with_auth" time="0.152" /><testcase classname="tests.test_combo_table.TestTableReservationsAPI" name="test_create_table_reservation_missing_fields" time="0.119" /><testcase classname="tests.test_combo_table.TestTableReservationsAPI" name="test_create_table_reservation_invalid_deposit" time="0.096" /><testcase classname="tests.test_combo_table.TestTableReservationsAPI" name="test_create_table_reservation_5000_deposit" time="0.425" /><testcase classname="tests.test_combo_table.TestTableReservationsAPI" name="test_create_table_reservation_25000_deposit" time="0.388" /><testcase classname="tests.test_combo_table.TestTableReservationsAPI" name="test_create_table_reservation_no_occasion" time="0.429" /><testcase classname="tests.test_combo_table.TestTableReservationsAPI" name="test_admin_get_table_reservations_without_auth" time="0.096" /><testcase classname="tests.test_combo_table.TestTableReservationsAPI" name="test_admin_get_table_reservations_with_auth" time="0.205" /><testcase classname="tests.test_combo_table.TestAdminTabsAccess" name="test_admin_login_full_access" time="0.095" /><testcase classname="tests.test_combo_table.TestAdminTabsAccess" name="test_admin_login_readonly_access" time="0.113" /><testcase classname="tests.test_combo_table.TestAdminTabsAccess" name="test_admin_stats_includes_new_data" time="0.160" /><testcase classname="tests.test_combo_table.TestSlotsAPI" name="test_get_slots_for_future_date" time="0.114" /></testsuite></testsuites>