<?xml version="1.0" encoding="utf-8"?><testsuites><testsuite name="pytest" errors="0" failures="0" skipped="0" tests="8" time="1.594" timestamp="2026-04-22T22:30:55.972085" hostname="agent-env-cbdcd10d-e43c-496e-baa0-5a7b611c7625"><testcase classname="backend.tests.test_cross_role_banner_iter48.TestCrossRoleBannerBackend" name="test_admin_cross_role_structure" time="0.147" /><testcase classname="backend.tests.test_cross_role_banner_iter48.TestCrossRoleBannerBackend" name="test_admin_expenses_excludes_revision_requested" time="0.128" /><testcase classname="backend.tests.test_cross_role_banner_iter48.TestCrossRoleBannerBackend" name="test_manager_cross_role_structure" time="0.120" /><testcase classname="backend.tests.test_cross_role_banner_iter48.TestCrossRoleBannerBackend" name="test_manager_expenses_counts_revision_requested_only" time="0.112" /><testcase classname="backend.tests.test_cross_role_banner_iter48.TestCrossRoleBannerBackend" name="test_manager_purchase_orders_counts_sent_only" time="0.118" /><testcase classname="backend.tests.test_cross_role_banner_iter48.TestCrossRoleBannerBackend" name="test_server_cross_role_is_null" time="0.142" /><testcase classname="backend.tests.test_cross_role_banner_iter48.TestCrossRoleBannerBackend" name="test_total_field_regression" time="0.383" /><testcase classname="backend.tests.test_cross_role_banner_iter48.TestCrossRoleBannerBackend" name="test_latest_by_category_still_present" time="0.385" /></testsuite></testsuites>