<?xml version="1.0" encoding="utf-8"?><testsuites><testsuite name="pytest" errors="0" failures="0" skipped="0" tests="21" time="5.549" timestamp="2026-05-30T14:17:11.204578" hostname="agent-env-cbdcd10d-e43c-496e-baa0-5a7b611c7625"><testcase classname="backend.tests.test_cuisine_kitchen_tracker_iter88.TestCuisineMessagesPresets" name="test_presets_returns_both_lists_for_manager" time="0.435" /><testcase classname="backend.tests.test_cuisine_kitchen_tracker_iter88.TestCuisineMessagesPresets" name="test_presets_returns_both_lists_for_cuisinier" time="0.110" /><testcase classname="backend.tests.test_cuisine_kitchen_tracker_iter88.TestCuisineMessagesPresets" name="test_presets_rejects_invalid_role" time="0.115" /><testcase classname="backend.tests.test_cuisine_kitchen_tracker_iter88.TestCuisineMessages" name="test_create_message_manager_to_cuisinier" time="0.105" /><testcase classname="backend.tests.test_cuisine_kitchen_tracker_iter88.TestCuisineMessages" name="test_create_message_cuisinier_to_manager" time="0.119" /><testcase classname="backend.tests.test_cuisine_kitchen_tracker_iter88.TestCuisineMessages" name="test_create_message_invalid_code_for_role" time="0.110" /><testcase classname="backend.tests.test_cuisine_kitchen_tracker_iter88.TestCuisineMessages" name="test_create_message_invalid_code" time="0.141" /><testcase classname="backend.tests.test_cuisine_kitchen_tracker_iter88.TestCuisineMessages" name="test_get_messages_for_cuisinier" time="0.220" /><testcase classname="backend.tests.test_cuisine_kitchen_tracker_iter88.TestCuisineMessages" name="test_mark_message_read" time="0.229" /><testcase classname="backend.tests.test_cuisine_kitchen_tracker_iter88.TestCuisineMessages" name="test_mark_all_messages_read" time="0.118" /><testcase classname="backend.tests.test_cuisine_kitchen_tracker_iter88.TestCuisineOrders" name="test_manager_can_see_orders" time="0.319" /><testcase classname="backend.tests.test_cuisine_kitchen_tracker_iter88.TestCuisineOrders" name="test_cuisinier_can_see_orders" time="0.317" /><testcase classname="backend.tests.test_cuisine_kitchen_tracker_iter88.TestCuisineOrders" name="test_server_cannot_see_orders" time="0.320" /><testcase classname="backend.tests.test_cuisine_kitchen_tracker_iter88.TestCuisineOrders" name="test_start_item_cuisinier" time="0.375" /><testcase classname="backend.tests.test_cuisine_kitchen_tracker_iter88.TestCuisineOrders" name="test_start_item_manager_forbidden" time="0.321" /><testcase classname="backend.tests.test_cuisine_kitchen_tracker_iter88.TestCuisineOrders" name="test_served_requires_ready" time="0.321" /><testcase classname="backend.tests.test_cuisine_kitchen_tracker_iter88.TestCuisineOrders" name="test_served_cuisinier_forbidden" time="0.337" /><testcase classname="backend.tests.test_cuisine_kitchen_tracker_iter88.TestCuisineWorkflow" name="test_complete_workflow" time="1.005" /><testcase classname="backend.tests.test_cuisine_kitchen_tracker_iter88.TestCuisineSecurityAndValidation" name="test_messages_no_mongodb_id_exposed" time="0.266" /><testcase classname="backend.tests.test_cuisine_kitchen_tracker_iter88.TestCuisineSecurityAndValidation" name="test_invalid_to_role_rejected" time="0.106" /><testcase classname="backend.tests.test_cuisine_kitchen_tracker_iter88.TestCuisineSecurityAndValidation" name="test_invalid_from_role_rejected" time="0.105" /></testsuite></testsuites>