<?xml version="1.0" encoding="utf-8"?><testsuites><testsuite name="pytest" errors="0" failures="0" skipped="0" tests="21" time="12.591" timestamp="2026-04-23T09:25:29.828321" hostname="agent-env-cbdcd10d-e43c-496e-baa0-5a7b611c7625"><testcase classname="backend.tests.test_current_accounts_repayment_modes.TestCurrentAccountsRepaymentModes" name="test_create_account_with_percentage_mode" time="0.375" /><testcase classname="backend.tests.test_current_accounts_repayment_modes.TestCurrentAccountsRepaymentModes" name="test_create_account_with_fixed_mode" time="0.314" /><testcase classname="backend.tests.test_current_accounts_repayment_modes.TestCurrentAccountsRepaymentModes" name="test_create_account_with_all_modes" time="0.314" /><testcase classname="backend.tests.test_current_accounts_repayment_modes.TestCurrentAccountsRepaymentModes" name="test_get_account_returns_new_fields" time="0.425" /><testcase classname="backend.tests.test_current_accounts_repayment_modes.TestCurrentAccountsRepaymentModes" name="test_update_account_set_percentage" time="0.514" /><testcase classname="backend.tests.test_current_accounts_repayment_modes.TestCurrentAccountsRepaymentModes" name="test_update_account_clear_percentage" time="0.532" /><testcase classname="backend.tests.test_current_accounts_repayment_modes.TestCurrentAccountsRepaymentModes" name="test_update_account_clear_fixed_mode" time="0.529" /><testcase classname="backend.tests.test_current_accounts_repayment_modes.TestCurrentAccountsRepaymentModes" name="test_auto_deduction_filter_picks_up_percentage_mode" time="0.420" /><testcase classname="backend.tests.test_current_accounts_repayment_modes.TestCurrentAccountsRepaymentModes" name="test_auto_deduction_filter_picks_up_fixed_mode" time="0.455" /><testcase classname="backend.tests.test_current_accounts_repayment_modes.TestCurrentAccountsRepaymentModes" name="test_percentage_mode_idempotent" time="0.736" /><testcase classname="backend.tests.test_current_accounts_repayment_modes.TestCurrentAccountsRepaymentModes" name="test_fixed_mode_daily_deducts_every_day" time="0.557" /><testcase classname="backend.tests.test_current_accounts_repayment_modes.TestCurrentAccountsRepaymentModes" name="test_fixed_mode_weekly_only_on_sunday" time="0.767" /><testcase classname="backend.tests.test_current_accounts_repayment_modes.TestCurrentAccountsRepaymentModes" name="test_fixed_mode_weekly_idempotent" time="0.640" /><testcase classname="backend.tests.test_current_accounts_repayment_modes.TestCurrentAccountsRepaymentModes" name="test_fixed_mode_monthly_only_on_last_day" time="0.752" /><testcase classname="backend.tests.test_current_accounts_repayment_modes.TestCurrentAccountsRepaymentModes" name="test_fixed_mode_yearly_only_on_dec_31" time="0.791" /><testcase classname="backend.tests.test_current_accounts_repayment_modes.TestCurrentAccountsRepaymentModes" name="test_fixed_mode_respects_start_date" time="0.760" /><testcase classname="backend.tests.test_current_accounts_repayment_modes.TestCurrentAccountsRepaymentModes" name="test_repayment_cap_never_exceeds_total_advance" time="0.952" /><testcase classname="backend.tests.test_current_accounts_repayment_modes.TestCurrentAccountsRepaymentModes" name="test_all_three_modes_combined" time="0.551" /><testcase classname="backend.tests.test_current_accounts_repayment_modes.TestCurrentAccountsRepaymentModes" name="test_manual_repayment_still_works" time="1.524" /><testcase classname="backend.tests.test_current_accounts_repayment_modes.TestInvalidPeriodValidation" name="test_invalid_period_rejected_on_create" time="0.240" /><testcase classname="backend.tests.test_current_accounts_repayment_modes.TestInvalidPeriodValidation" name="test_invalid_period_rejected_on_update" time="0.382" /></testsuite></testsuites>