<?xml version="1.0" encoding="utf-8"?><testsuites><testsuite name="pytest" errors="0" failures="0" skipped="0" tests="17" time="3.582" timestamp="2026-05-30T17:42:45.164746" hostname="agent-env-cbdcd10d-e43c-496e-baa0-5a7b611c7625"><testcase classname="backend.tests.test_daily_reports_iter91.TestDailyReportsDraft" name="test_create_cuisine_draft_success" time="0.364" /><testcase classname="backend.tests.test_daily_reports_iter91.TestDailyReportsDraft" name="test_create_coach_jeux_draft_success" time="0.111" /><testcase classname="backend.tests.test_daily_reports_iter91.TestDailyReportsDraft" name="test_draft_invalid_kind_returns_400" time="0.112" /><testcase classname="backend.tests.test_daily_reports_iter91.TestDailyReportsDraft" name="test_draft_server_role_returns_403" time="0.120" /><testcase classname="backend.tests.test_daily_reports_iter91.TestDailyReportsDraft" name="test_draft_idempotence_same_date_kind_actor" time="0.273" /><testcase classname="backend.tests.test_daily_reports_iter91.TestDailyReportsObservations" name="test_save_observations_on_draft" time="0.331" /><testcase classname="backend.tests.test_daily_reports_iter91.TestDailyReportsObservations" name="test_observations_different_actor_returns_403" time="0.223" /><testcase classname="backend.tests.test_daily_reports_iter91.TestDailyReportsSubmit" name="test_submit_report_success" time="0.252" /><testcase classname="backend.tests.test_daily_reports_iter91.TestDailyReportsSubmit" name="test_submit_twice_returns_400" time="0.330" /><testcase classname="backend.tests.test_daily_reports_iter91.TestDailyReportsSubmit" name="test_observations_on_submitted_returns_400" time="0.326" /><testcase classname="backend.tests.test_daily_reports_iter91.TestDailyReportsList" name="test_admin_sees_all_reports" time="0.110" /><testcase classname="backend.tests.test_daily_reports_iter91.TestDailyReportsList" name="test_cuisinier_sees_only_own_reports" time="0.110" /><testcase classname="backend.tests.test_daily_reports_iter91.TestDailyReportsList" name="test_admin_filter_by_kind_date_status" time="0.105" /><testcase classname="backend.tests.test_daily_reports_iter91.TestDailyReportsDetail" name="test_admin_gets_detail_with_comparison" time="0.325" /><testcase classname="backend.tests.test_daily_reports_iter91.TestDailyReportsSecurityNoMongoId" name="test_draft_no_mongo_id" time="0.112" /><testcase classname="backend.tests.test_daily_reports_iter91.TestDailyReportsSecurityNoMongoId" name="test_list_no_mongo_id" time="0.103" /><testcase classname="backend.tests.test_daily_reports_iter91.TestDailyReportsSecurityNoMongoId" name="test_detail_no_mongo_id" time="0.222" /></testsuite></testsuites>