<?xml version="1.0" encoding="utf-8"?><testsuites><testsuite name="pytest" errors="0" failures="0" skipped="0" tests="21" time="6.738" timestamp="2026-05-23T12:13:18.164997" hostname="agent-env-cbdcd10d-e43c-496e-baa0-5a7b611c7625"><testcase classname="backend.tests.test_day_openings.TestDayOpenings" name="test_get_status_when_not_opened" time="0.263" /><testcase classname="backend.tests.test_day_openings.TestDayOpenings" name="test_open_day_idempotent" time="0.210" /><testcase classname="backend.tests.test_day_openings.TestDayOpenings" name="test_open_with_initial_cash" time="0.231" /><testcase classname="backend.tests.test_day_openings.TestDayOpenings" name="test_invoice_creation_blocked_when_day_not_opened" time="0.313" /><testcase classname="backend.tests.test_day_openings.TestDayOpenings" name="test_history_endpoint" time="0.206" /><testcase classname="backend.tests.test_day_openings.TestDayOpenings" name="test_table_creation_blocked_when_day_not_opened" time="0.315" /><testcase classname="backend.tests.test_day_openings_edge_cases.TestDayOpeningsEdgeCases" name="test_open_future_date" time="0.419" /><testcase classname="backend.tests.test_day_openings_edge_cases.TestDayOpeningsEdgeCases" name="test_invoice_creation_succeeds_when_day_open" time="0.317" /><testcase classname="backend.tests.test_day_openings_edge_cases.TestDayOpeningsEdgeCases" name="test_closure_hook_marks_opening_closed" time="0.566" /><testcase classname="backend.tests.test_day_openings_edge_cases.TestDayOpeningsEdgeCases" name="test_reopen_hook_marks_opening_open" time="0.525" /><testcase classname="backend.tests.test_day_openings_edge_cases.TestDayOpeningsEdgeCases" name="test_mark_closed_endpoint" time="0.421" /><testcase classname="backend.tests.test_day_openings_edge_cases.TestDayOpeningsEdgeCases" name="test_mark_closed_idempotent" time="0.451" /><testcase classname="backend.tests.test_day_openings_edge_cases.TestDayOpeningsEdgeCases" name="test_delete_opening" time="0.429" /><testcase classname="backend.tests.test_day_openings_edge_cases.TestDayOpeningsEdgeCases" name="test_delete_nonexistent_opening" time="0.096" /><testcase classname="backend.tests.test_day_openings_edge_cases.TestDayOpeningsEdgeCases" name="test_history_includes_closure_info" time="0.465" /><testcase classname="backend.tests.test_day_openings_edge_cases.TestDayOpeningsEdgeCases" name="test_table_creation_succeeds_when_day_open" time="0.315" /><testcase classname="backend.tests.test_day_openings_edge_cases.TestDayOpeningsBlockingLogic" name="test_open_without_force_when_previous_day_has_activity_not_closed" time="0.107" /><testcase classname="backend.tests.test_day_openings_edge_cases.TestDayOpeningsBlockingLogic" name="test_open_with_force_bypasses_previous_day_check" time="0.204" /><testcase classname="backend.tests.test_day_openings_edge_cases.TestDayClosuresIntegration" name="test_get_day_closure_status" time="0.111" /><testcase classname="backend.tests.test_day_openings_edge_cases.TestDayClosuresIntegration" name="test_close_day_idempotent" time="0.426" /><testcase classname="backend.tests.test_day_openings_edge_cases.TestDayClosuresIntegration" name="test_reopen_not_closed_day_fails" time="0.326" /></testsuite></testsuites>