<?xml version="1.0" encoding="utf-8"?><testsuites><testsuite name="pytest" errors="0" failures="0" skipped="0" tests="25" time="2.112" timestamp="2026-06-29T16:52:18.075515" hostname="agent-env-cbdcd10d-e43c-496e-baa0-5a7b611c7625"><testcase classname="backend.tests.test_delivery_menu_iter122.TestPublicMenu" name="test_get_public_menu_returns_categories_with_seed" time="0.267" /><testcase classname="backend.tests.test_delivery_menu_iter122.TestPublicMenu" name="test_locaux_items_have_null_price" time="0.064" /><testcase classname="backend.tests.test_delivery_menu_iter122.TestAdminAuth" name="test_admin_login_success" time="0.054" /><testcase classname="backend.tests.test_delivery_menu_iter122.TestAdminAuth" name="test_admin_login_wrong_password" time="0.272" /><testcase classname="backend.tests.test_delivery_menu_iter122.TestAdminAuth" name="test_get_admin_menu_without_auth" time="0.050" /><testcase classname="backend.tests.test_delivery_menu_iter122.TestAdminAuth" name="test_get_admin_menu_with_auth" time="0.099" /><testcase classname="backend.tests.test_delivery_menu_iter122.TestMenuCRUD" name="test_create_item_invalid_category" time="0.049" /><testcase classname="backend.tests.test_delivery_menu_iter122.TestMenuCRUD" name="test_create_item_negative_price" time="0.047" /><testcase classname="backend.tests.test_delivery_menu_iter122.TestMenuCRUD" name="test_create_item_null_price_accepted" time="0.107" /><testcase classname="backend.tests.test_delivery_menu_iter122.TestMenuCRUD" name="test_create_item_with_price" time="0.050" /><testcase classname="backend.tests.test_delivery_menu_iter122.TestMenuCRUD" name="test_update_item_fields" time="0.051" /><testcase classname="backend.tests.test_delivery_menu_iter122.TestMenuCRUD" name="test_update_item_clear_price" time="0.054" /><testcase classname="backend.tests.test_delivery_menu_iter122.TestMenuCRUD" name="test_update_negative_price_rejected" time="0.051" /><testcase classname="backend.tests.test_delivery_menu_iter122.TestMenuCRUD" name="test_update_unknown_item_404" time="0.059" /><testcase classname="backend.tests.test_delivery_menu_iter122.TestMenuCRUD" name="test_delete_items_and_verify" time="0.216" /><testcase classname="backend.tests.test_delivery_menu_iter122.TestPermissions" name="test_post_without_bearer_401" time="0.047" /><testcase classname="backend.tests.test_delivery_menu_iter122.TestPermissions" name="test_patch_without_bearer_401" time="0.051" /><testcase classname="backend.tests.test_delivery_menu_iter122.TestPermissions" name="test_delete_without_bearer_401" time="0.048" /><testcase classname="backend.tests.test_delivery_menu_iter122.TestPermissions" name="test_readonly_cannot_create" time="0.100" /><testcase classname="backend.tests.test_delivery_menu_iter122.TestPermissions" name="test_readonly_cannot_patch" time="0.062" /><testcase classname="backend.tests.test_delivery_menu_iter122.TestPermissions" name="test_readonly_cannot_delete" time="0.050" /><testcase classname="backend.tests.test_delivery_menu_iter122.TestPreorderValidation" name="test_preorder_missing_scheduled_at" time="0.059" /><testcase classname="backend.tests.test_delivery_menu_iter122.TestPreorderValidation" name="test_preorder_less_than_24h_rejected" time="0.051" /><testcase classname="backend.tests.test_delivery_menu_iter122.TestPreorderValidation" name="test_preorder_valid_24h_plus_accepted" time="0.047" /><testcase classname="backend.tests.test_delivery_menu_iter122.TestPreorderValidation" name="test_non_preorder_order_succeeds_without_scheduled_at" time="0.053" /></testsuite></testsuites>