<?xml version="1.0" encoding="utf-8"?><testsuites><testsuite name="pytest" errors="0" failures="0" skipped="0" tests="5" time="1.300" timestamp="2026-06-24T15:07:20.040883" hostname="agent-env-cbdcd10d-e43c-496e-baa0-5a7b611c7625"><testcase classname="backend.tests.test_delivery_orders_iter108.TestDeliveryOrderPickupPersistence" name="test_post_pickup_order_returns_id" time="0.309" /><testcase classname="backend.tests.test_delivery_orders_iter108.TestDeliveryOrderPickupPersistence" name="test_get_admin_delivery_orders_persists_pickup_fields" time="0.269" /><testcase classname="backend.tests.test_delivery_orders_iter108.TestDeliveryOrderDeliveryMode" name="test_post_delivery_mode_default" time="0.257" /><testcase classname="backend.tests.test_delivery_orders_iter108.TestSiteNotificationsAggregator" name="test_site_notifications_includes_delivery_orders" time="0.113" /><testcase classname="backend.tests.test_delivery_orders_iter108.TestCleanup" name="test_cleanup_test_delivery_orders" time="0.324" /></testsuite></testsuites>