<?xml version="1.0" encoding="utf-8"?><testsuites><testsuite name="pytest" errors="0" failures="0" skipped="0" tests="7" time="1.975" timestamp="2026-06-24T16:55:17.868082" hostname="agent-env-cbdcd10d-e43c-496e-baa0-5a7b611c7625"><testcase classname="backend.tests.test_dine_in_6h_iter110" name="test_dine_in_too_soon_returns_400" time="0.260" /><testcase classname="backend.tests.test_dine_in_6h_iter110" name="test_dine_in_valid_8h_creates" time="0.127" /><testcase classname="backend.tests.test_dine_in_6h_iter110" name="test_dine_in_missing_scheduled_at_returns_400" time="1.136" /><testcase classname="backend.tests.test_dine_in_6h_iter110" name="test_pickup_without_scheduled_at_succeeds" time="0.108" /><testcase classname="backend.tests.test_dine_in_6h_iter110" name="test_delivery_without_scheduled_at_succeeds" time="0.101" /><testcase classname="backend.tests.test_dine_in_6h_iter110" name="test_booking_today_too_soon_returns_400" time="0.110" /><testcase classname="backend.tests.test_dine_in_6h_iter110" name="test_booking_tomorrow_15h_succeeds" time="0.104" /></testsuite></testsuites>