<?xml version="1.0" encoding="utf-8"?><testsuites><testsuite name="pytest" errors="0" failures="0" skipped="0" tests="8" time="1.741" timestamp="2026-03-10T04:05:25.800313" hostname="agent-env-327b4c11-2ccf-4064-b921-fc63f4acd608"><testcase classname="backend.tests.test_end_of_service.TestEndOfServiceAPI" name="test_01_create_end_of_service_report" time="0.159" /><testcase classname="backend.tests.test_end_of_service.TestEndOfServiceAPI" name="test_02_get_all_service_reports" time="0.135" /><testcase classname="backend.tests.test_end_of_service.TestEndOfServiceAPI" name="test_03_get_reports_filtered_by_date" time="0.133" /><testcase classname="backend.tests.test_end_of_service.TestEndOfServiceAPI" name="test_04_get_unread_reports_only" time="0.114" /><testcase classname="backend.tests.test_end_of_service.TestEndOfServiceAPI" name="test_05_mark_report_as_read" time="0.350" /><testcase classname="backend.tests.test_end_of_service.TestEndOfServiceAPI" name="test_06_mark_all_reports_read" time="0.226" /><testcase classname="backend.tests.test_end_of_service.TestEndOfServiceAPI" name="test_07_report_contains_stats" time="0.119" /><testcase classname="backend.tests.test_end_of_service.TestEndOfServiceIntegration" name="test_full_workflow" time="0.447" /></testsuite></testsuites>