<?xml version="1.0" encoding="utf-8"?><testsuites><testsuite name="pytest" errors="0" failures="0" skipped="0" tests="10" time="32.792" timestamp="2026-04-25T18:15:37.654368" hostname="agent-env-cbdcd10d-e43c-496e-baa0-5a7b611c7625"><testcase classname="backend.tests.test_exclude_from_week_iter64.TestExcludeFromWeekExpenses" name="test_exclude_expense_from_week_adds_to_array" time="3.550" /><testcase classname="backend.tests.test_exclude_from_week_iter64.TestExcludeFromWeekExpenses" name="test_exclude_is_idempotent" time="3.667" /><testcase classname="backend.tests.test_exclude_from_week_iter64.TestExcludeFromWeekExpenses" name="test_include_expense_in_week_removes_from_array" time="3.572" /><testcase classname="backend.tests.test_exclude_from_week_iter64.TestExcludeFromWeekExpenses" name="test_exclude_requires_week_start" time="3.418" /><testcase classname="backend.tests.test_exclude_from_week_iter64.TestExcludeFromWeekInvoices" name="test_exclude_invoice_from_week" time="0.456" /><testcase classname="backend.tests.test_exclude_from_week_iter64.TestExcludeFromWeekInvoices" name="test_include_invoice_in_week" time="0.607" /><testcase classname="backend.tests.test_exclude_from_week_iter64.TestWeeklyReportExclusion" name="test_excluded_expense_not_in_weekly_report" time="3.737" /><testcase classname="backend.tests.test_exclude_from_week_iter64.TestWeeklyReportExclusion" name="test_excluded_invoice_not_in_weekly_report" time="0.619" /><testcase classname="backend.tests.test_exclude_from_week_iter64.TestWeeklyReportExclusion" name="test_reinclusion_restores_in_weekly_report" time="3.560" /><testcase classname="backend.tests.test_exclude_from_week_iter64.TestBulkOperations" name="test_bulk_exclude_multiple_expenses" time="9.545" /></testsuite></testsuites>