<?xml version="1.0" encoding="utf-8"?><testsuites><testsuite name="pytest" errors="0" failures="0" skipped="0" tests="9" time="7.822" timestamp="2026-04-16T15:15:35.393248" hostname="agent-env-cbdcd10d-e43c-496e-baa0-5a7b611c7625"><testcase classname="backend.tests.test_expense_stock_sync.TestExpenseStockSync" name="test_01_create_group_expense_with_items" time="0.264" /><testcase classname="backend.tests.test_expense_stock_sync.TestExpenseStockSync" name="test_02_complete_expense_creates_stock_entree" time="2.247" /><testcase classname="backend.tests.test_expense_stock_sync.TestExpenseStockSync" name="test_03_simple_expense_without_group" time="1.111" /><testcase classname="backend.tests.test_expense_stock_sync.TestExpenseStockSync" name="test_04_expense_with_unmatched_item_creates_unlinked_movement" time="0.979" /><testcase classname="backend.tests.test_expense_stock_sync.TestExpenseStockSync" name="test_05_no_double_sync_if_already_completed" time="1.458" /><testcase classname="backend.tests.test_expense_stock_sync.TestInvoiceStockSync" name="test_invoice_validation_creates_stock_sortie" time="1.105" /><testcase classname="backend.tests.test_expense_stock_sync.TestStockDashboard" name="test_dashboard_shows_entrees_sorties_today" time="0.144" /><testcase classname="backend.tests.test_expense_stock_sync.TestStockMovementsPage" name="test_movements_list_with_types" time="0.115" /><testcase classname="backend.tests.test_expense_stock_sync.TestStockAuth" name="test_stock_login_admin" time="0.335" /></testsuite></testsuites>