<?xml version="1.0" encoding="utf-8"?><testsuites><testsuite name="pytest" errors="0" failures="0" skipped="0" tests="24" time="9.845" timestamp="2026-04-18T11:38:16.205625" hostname="agent-env-cbdcd10d-e43c-496e-baa0-5a7b611c7625"><testcase classname="backend.tests.test_expenses_refactoring.TestExpensesCRUD" name="test_01_get_expenses_no_filter" time="0.247" /><testcase classname="backend.tests.test_expenses_refactoring.TestExpensesCRUD" name="test_02_get_expenses_with_status_filter" time="0.112" /><testcase classname="backend.tests.test_expenses_refactoring.TestExpensesCRUD" name="test_03_get_expenses_with_category_filter" time="0.108" /><testcase classname="backend.tests.test_expenses_refactoring.TestExpensesCRUD" name="test_04_get_expenses_with_date_filter" time="0.099" /><testcase classname="backend.tests.test_expenses_refactoring.TestExpensesCRUD" name="test_05_get_expenses_with_respect_assigned_week" time="0.106" /><testcase classname="backend.tests.test_expenses_refactoring.TestExpensesCRUD" name="test_06_create_expense_default_status_pending" time="0.229" /><testcase classname="backend.tests.test_expenses_refactoring.TestExpensesCRUD" name="test_07_create_expense_with_group_items" time="0.224" /><testcase classname="backend.tests.test_expenses_refactoring.TestExpensesCRUD" name="test_08_update_expense_status_approved" time="0.327" /><testcase classname="backend.tests.test_expenses_refactoring.TestExpensesCRUD" name="test_09_update_expense_not_found" time="0.104" /><testcase classname="backend.tests.test_expenses_refactoring.TestExpensesCRUD" name="test_10_delete_expense" time="0.301" /><testcase classname="backend.tests.test_expenses_refactoring.TestExpensesCRUD" name="test_11_delete_expense_not_found" time="0.104" /><testcase classname="backend.tests.test_expenses_refactoring.TestExpenseAssignWeek" name="test_12_assign_expense_to_week" time="0.327" /><testcase classname="backend.tests.test_expenses_refactoring.TestExpenseAssignWeek" name="test_13_assign_week_bulk" time="0.523" /><testcase classname="backend.tests.test_expenses_refactoring.TestExpenseAssignWeek" name="test_14_unassign_week_bulk" time="0.375" /><testcase classname="backend.tests.test_expenses_refactoring.TestExpenseStockSyncCritical" name="test_15_complete_expense_creates_stock_movements" time="0.952" /><testcase classname="backend.tests.test_expenses_refactoring.TestExpenseStockSyncCritical" name="test_16_complete_expense_creates_stock_purchase" time="0.931" /><testcase classname="backend.tests.test_expenses_refactoring.TestExpenseStockSyncCritical" name="test_17_complete_expense_updates_stock_product_quantity" time="0.116" /><testcase classname="backend.tests.test_expenses_refactoring.TestExpenseStockSyncCritical" name="test_18_unmatched_item_creates_unlinked_movement" time="0.943" /><testcase classname="backend.tests.test_expenses_refactoring.TestExpenseStockSyncCritical" name="test_19_no_double_sync_on_re_complete" time="1.231" /><testcase classname="backend.tests.test_expenses_refactoring.TestExpenseProductMatching" name="test_20_product_matching_levels" time="1.106" /><testcase classname="backend.tests.test_expenses_refactoring.TestDependentEndpointsRegression" name="test_21_forecasts_dashboard_works" time="0.103" /><testcase classname="backend.tests.test_expenses_refactoring.TestDependentEndpointsRegression" name="test_22_expenses_analysis_works" time="0.108" /><testcase classname="backend.tests.test_expenses_refactoring.TestDependentEndpointsRegression" name="test_23_reports_weekly_works" time="0.145" /><testcase classname="backend.tests.test_expenses_refactoring.TestSimpleExpenseWithoutGroup" name="test_24_simple_expense_sync" time="0.925" /></testsuite></testsuites>