<?xml version="1.0" encoding="utf-8"?><testsuites><testsuite name="pytest" errors="0" failures="0" skipped="0" tests="15" time="41.975" timestamp="2026-04-22T23:36:15.410476" hostname="agent-env-cbdcd10d-e43c-496e-baa0-5a7b611c7625"><testcase classname="backend.tests.test_expense_account_allocation.TestExpenseCreateWithFunding" name="test_create_expense_without_funding" time="4.628" /><testcase classname="backend.tests.test_expense_account_allocation.TestExpenseCreateWithFunding" name="test_create_expense_with_funding_source" time="2.861" /><testcase classname="backend.tests.test_expense_account_allocation.TestExpenseCreateWithFunding" name="test_create_expense_with_affects_ca_false" time="4.630" /><testcase classname="backend.tests.test_expense_account_allocation.TestExpenseUpdateFunding" name="test_update_expense_add_funding" time="2.887" /><testcase classname="backend.tests.test_expense_account_allocation.TestExpenseUpdateFunding" name="test_update_expense_change_funding_account" time="3.651" /><testcase classname="backend.tests.test_expense_account_allocation.TestExpenseDeleteWithAllocation" name="test_delete_expense_removes_allocation" time="3.486" /><testcase classname="backend.tests.test_expense_account_allocation.TestAllocateAccountEndpoint" name="test_allocate_expense_retroactive" time="3.671" /><testcase classname="backend.tests.test_expense_account_allocation.TestAllocateAccountEndpoint" name="test_allocate_expense_idempotent" time="3.781" /><testcase classname="backend.tests.test_expense_account_allocation.TestAllocateAccountEndpoint" name="test_unallocate_expense" time="3.640" /><testcase classname="backend.tests.test_expense_account_allocation.TestCurrentAccountEnrichment" name="test_account_has_allocation_fields" time="0.048" /><testcase classname="backend.tests.test_expense_account_allocation.TestCurrentAccountEnrichment" name="test_balance_integrity" time="5.599" /><testcase classname="backend.tests.test_expense_account_allocation.TestErrorHandling" name="test_allocate_nonexistent_expense" time="0.049" /><testcase classname="backend.tests.test_expense_account_allocation.TestErrorHandling" name="test_allocate_nonexistent_account" time="2.751" /><testcase classname="backend.tests.test_expense_account_allocation.TestErrorHandling" name="test_unallocate_nonexistent_expense" time="0.049" /><testcase classname="backend.tests.test_expense_account_allocation.TestListAccountsWithAllocations" name="test_list_accounts_has_allocation_fields" time="0.149" /></testsuite></testsuites>