<?xml version="1.0" encoding="utf-8"?><testsuites><testsuite name="pytest" errors="0" failures="0" skipped="0" tests="24" time="6.578" timestamp="2026-04-14T01:03:27.836146" hostname="agent-env-cbdcd10d-e43c-496e-baa0-5a7b611c7625"><testcase classname="backend.tests.test_financial_points.TestFinancialPointsCreate" name="test_create_weekly_financial_point" time="0.294" /><testcase classname="backend.tests.test_financial_points.TestFinancialPointsCreate" name="test_create_daily_financial_point" time="0.170" /><testcase classname="backend.tests.test_financial_points.TestFinancialPointsCreate" name="test_create_duplicate_point_fails" time="0.228" /><testcase classname="backend.tests.test_financial_points.TestFinancialPointsRetrieve" name="test_get_all_financial_points" time="0.125" /><testcase classname="backend.tests.test_financial_points.TestFinancialPointsRetrieve" name="test_get_financial_points_by_date" time="0.205" /><testcase classname="backend.tests.test_financial_points.TestFinancialPointsRetrieve" name="test_get_financial_points_by_period_type" time="0.117" /><testcase classname="backend.tests.test_financial_points.TestFinancialPointsRetrieve" name="test_get_single_financial_point" time="0.511" /><testcase classname="backend.tests.test_financial_points.TestFinancialPointsRetrieve" name="test_get_nonexistent_point_returns_404" time="0.146" /><testcase classname="backend.tests.test_financial_points.TestFinancialPointsWorkflow" name="test_complete_workflow_consent_based" time="0.250" /><testcase classname="backend.tests.test_financial_points.TestFinancialPointsWorkflow" name="test_cannot_sign_without_admin_validation" time="0.242" /><testcase classname="backend.tests.test_financial_points.TestFinancialPointsWorkflow" name="test_cannot_validate_twice" time="0.270" /><testcase classname="backend.tests.test_financial_points.TestFinancialPointsWorkflow" name="test_cannot_sign_twice" time="0.303" /><testcase classname="backend.tests.test_financial_points.TestFinancialPointsUnlock" name="test_admin_unlock_signed_point" time="0.385" /><testcase classname="backend.tests.test_financial_points.TestFinancialPointsUnlock" name="test_cannot_unlock_unsigned_point" time="0.263" /><testcase classname="backend.tests.test_financial_points.TestFinancialPointsUnlock" name="test_unlock_allows_re_signing" time="0.362" /><testcase classname="backend.tests.test_financial_points.TestFinancialPointsPDF" name="test_get_pdf_for_signed_point" time="0.368" /><testcase classname="backend.tests.test_financial_points.TestFinancialPointsPDF" name="test_get_pdf_for_unsigned_point" time="0.274" /><testcase classname="backend.tests.test_financial_points.TestFinancialPointsPDF" name="test_get_pdf_nonexistent_point_returns_404" time="0.145" /><testcase classname="backend.tests.test_financial_points.TestFinancialPointsUpdate" name="test_update_pending_point" time="0.210" /><testcase classname="backend.tests.test_financial_points.TestFinancialPointsUpdate" name="test_non_admin_cannot_update_signed_point" time="0.296" /><testcase classname="backend.tests.test_financial_points.TestFinancialPointsUpdate" name="test_admin_can_update_signed_point" time="0.421" /><testcase classname="backend.tests.test_financial_points.TestFinancialPointsDelete" name="test_delete_pending_point" time="0.219" /><testcase classname="backend.tests.test_financial_points.TestFinancialPointsDelete" name="test_non_admin_cannot_delete_signed_point" time="0.380" /><testcase classname="backend.tests.test_financial_points.TestFinancialPointsDelete" name="test_admin_can_delete_signed_point" time="0.277" /></testsuite></testsuites>