<?xml version="1.0" encoding="utf-8"?><testsuites><testsuite name="pytest" errors="0" failures="0" skipped="0" tests="18" time="4.883" timestamp="2026-04-13T19:34:51.214383" hostname="agent-env-cbdcd10d-e43c-496e-baa0-5a7b611c7625"><testcase classname="backend.tests.test_financial_points.TestFinancialPointsCreate" name="test_create_weekly_financial_point" time="0.325" /><testcase classname="backend.tests.test_financial_points.TestFinancialPointsCreate" name="test_create_daily_financial_point" time="0.168" /><testcase classname="backend.tests.test_financial_points.TestFinancialPointsCreate" name="test_create_duplicate_point_fails" time="0.294" /><testcase classname="backend.tests.test_financial_points.TestFinancialPointsRetrieve" name="test_get_all_financial_points" time="0.115" /><testcase classname="backend.tests.test_financial_points.TestFinancialPointsRetrieve" name="test_get_financial_points_by_date" time="0.209" /><testcase classname="backend.tests.test_financial_points.TestFinancialPointsRetrieve" name="test_get_financial_points_by_period_type" time="0.187" /><testcase classname="backend.tests.test_financial_points.TestFinancialPointsRetrieve" name="test_get_single_financial_point" time="0.236" /><testcase classname="backend.tests.test_financial_points.TestFinancialPointsRetrieve" name="test_get_nonexistent_point_returns_404" time="0.176" /><testcase classname="backend.tests.test_financial_points.TestFinancialPointsWorkflow" name="test_complete_workflow" time="0.256" /><testcase classname="backend.tests.test_financial_points.TestFinancialPointsWorkflow" name="test_cannot_sign_without_admin_validation" time="0.213" /><testcase classname="backend.tests.test_financial_points.TestFinancialPointsWorkflow" name="test_cannot_validate_twice" time="0.281" /><testcase classname="backend.tests.test_financial_points.TestFinancialPointsWorkflow" name="test_cannot_sign_twice" time="0.317" /><testcase classname="backend.tests.test_financial_points.TestFinancialPointsUpdate" name="test_update_pending_point" time="0.238" /><testcase classname="backend.tests.test_financial_points.TestFinancialPointsUpdate" name="test_non_admin_cannot_update_signed_point" time="0.386" /><testcase classname="backend.tests.test_financial_points.TestFinancialPointsUpdate" name="test_admin_can_update_signed_point" time="0.363" /><testcase classname="backend.tests.test_financial_points.TestFinancialPointsDelete" name="test_delete_pending_point" time="0.248" /><testcase classname="backend.tests.test_financial_points.TestFinancialPointsDelete" name="test_non_admin_cannot_delete_signed_point" time="0.419" /><testcase classname="backend.tests.test_financial_points.TestFinancialPointsDelete" name="test_admin_can_delete_signed_point" time="0.340" /></testsuite></testsuites>