<?xml version="1.0" encoding="utf-8"?><testsuites><testsuite name="pytest" errors="0" failures="6" skipped="0" tests="24" time="5.933" timestamp="2026-04-17T19:22:21.810952" hostname="agent-env-cbdcd10d-e43c-496e-baa0-5a7b611c7625"><testcase classname="tests.test_financial_points.TestFinancialPointsCreate" name="test_create_weekly_financial_point" time="0.153"><failure message="KeyError: 'card_amount'">tests/test_financial_points.py:86: in test_create_weekly_financial_point
    assert point["card_amount"] == 15000
E   KeyError: 'card_amount'</failure></testcase><testcase classname="tests.test_financial_points.TestFinancialPointsCreate" name="test_create_daily_financial_point" time="0.107"><failure message="assert 15000.0 == 18000">tests/test_financial_points.py:124: in test_create_daily_financial_point
    assert point["total_amount"] == 18000
E   assert 15000.0 == 18000</failure></testcase><testcase classname="tests.test_financial_points.TestFinancialPointsCreate" name="test_create_duplicate_point_fails" time="0.260" /><testcase classname="tests.test_financial_points.TestFinancialPointsRetrieve" name="test_get_all_financial_points" time="0.148" /><testcase classname="tests.test_financial_points.TestFinancialPointsRetrieve" name="test_get_financial_points_by_date" time="0.216" /><testcase classname="tests.test_financial_points.TestFinancialPointsRetrieve" name="test_get_financial_points_by_period_type" time="0.154" /><testcase classname="tests.test_financial_points.TestFinancialPointsRetrieve" name="test_get_single_financial_point" time="0.292" /><testcase classname="tests.test_financial_points.TestFinancialPointsRetrieve" name="test_get_nonexistent_point_returns_404" time="0.110" /><testcase classname="tests.test_financial_points.TestFinancialPointsWorkflow" name="test_complete_workflow_consent_based" time="0.164"><failure message="assert 400 == 200&#10; +  where 400 = &lt;Response [400]&gt;.status_code">tests/test_financial_points.py:294: in test_complete_workflow_consent_based
    assert validate_response.status_code == 200
E   assert 400 == 200
E    +  where 400 = &lt;Response [400]&gt;.status_code</failure></testcase><testcase classname="tests.test_financial_points.TestFinancialPointsWorkflow" name="test_cannot_sign_without_admin_validation" time="0.159"><failure message="assert 200 == 400&#10; +  where 200 = &lt;Response [200]&gt;.status_code">tests/test_financial_points.py:353: in test_cannot_sign_without_admin_validation
    assert sign_response.status_code == 400
E   assert 200 == 400
E    +  where 200 = &lt;Response [200]&gt;.status_code</failure></testcase><testcase classname="tests.test_financial_points.TestFinancialPointsWorkflow" name="test_cannot_validate_twice" time="0.158"><failure message="assert 400 == 200&#10; +  where 400 = &lt;Response [400]&gt;.status_code">tests/test_financial_points.py:386: in test_cannot_validate_twice
    assert validate_response1.status_code == 200
E   assert 400 == 200
E    +  where 400 = &lt;Response [400]&gt;.status_code</failure></testcase><testcase classname="tests.test_financial_points.TestFinancialPointsWorkflow" name="test_cannot_sign_twice" time="0.311" /><testcase classname="tests.test_financial_points.TestFinancialPointsUnlock" name="test_admin_unlock_signed_point" time="0.443" /><testcase classname="tests.test_financial_points.TestFinancialPointsUnlock" name="test_cannot_unlock_unsigned_point" time="0.245" /><testcase classname="tests.test_financial_points.TestFinancialPointsUnlock" name="test_unlock_allows_re_signing" time="0.376" /><testcase classname="tests.test_financial_points.TestFinancialPointsPDF" name="test_get_pdf_for_signed_point" time="0.275"><failure message="assert 'Point Financier' in '&lt;!DOCTYPE html&gt;\n&lt;html&gt;&lt;head&gt;&lt;meta charset=&quot;UTF-8&quot;&gt;\n&lt;style&gt;\n  @page { size: A4; margin: 20mm; }\n  body { font-family: \'Segoe UI\', Arial, sans-serif; color: #1e293b; margin: 0; padding: 20px; }\n  .header { text-align: center; border-bottom: 3px solid #0891b2; padding-bottom: 15px; margin-bottom: 25px; }\n  .header h1 { color: #0891b2; margin: 0; font-size: 22pt; }\n  .header h2 { color: #64748b; margin: 5px 0 0; font-size: 12pt; font-weight: normal; }\n  .meta { display: flex; justify-content: space-between; margin-bottom: 20px; font-size: 10pt; color: #64748b; }\n  .meta-item { text-align: center; }\n  .meta-item strong { display: block; color: #1e293b; font-size: 11pt; }\n  .period { background: #f0f9ff; border: 1px solid #bae6fd; border-radius: 8px; padding: 12px; text-align: center; font-size: 13pt; font-weight: bold; color: #0369a1; margin-bottom: 20px; }\n  .status { display: inline-block; background: #059669; color: white; padding: 4px 16px; border-radius: 20px; font-size: 10pt; font-weight: bold; }\n  table { width: 100%; border-collapse: collapse; margin: 20px 0; }\n  thead th { background: #0891b2; color: white; padding: 10px 12px; text-align: left; font-size: 11p...y&gt;\n    &lt;tr&gt;&lt;td style=&quot;padding:8px 12px;border-bottom:1px solid #e2e8f0;&quot;&gt;Espèces&lt;/td&gt;&lt;td style=&quot;padding:8px 12px;border-bottom:1px solid #e2e8f0;text-align:right;font-weight:bold;&quot;&gt;25 000 F&lt;/td&gt;&lt;/tr&gt;&lt;tr&gt;&lt;td style=&quot;padding:8px 12px;border-bottom:1px solid #e2e8f0;&quot;&gt;Mobile Money&lt;/td&gt;&lt;td style=&quot;padding:8px 12px;border-bottom:1px solid #e2e8f0;text-align:right;font-weight:bold;&quot;&gt;10 000 F&lt;/td&gt;&lt;/tr&gt;\n    &lt;tr class=&quot;total-row&quot;&gt;\n      &lt;td&gt;TOTAL REVERSEMENT&lt;/td&gt;\n      &lt;td style=&quot;text-align:right;&quot;&gt;35 000 F&lt;/td&gt;\n    &lt;/tr&gt;\n  &lt;/tbody&gt;\n&lt;/table&gt;\n\n\n\n&lt;div class=\'notes\'&gt;&lt;strong&gt;Notes :&lt;/strong&gt; Test PDF generation&lt;/div&gt;\n\n&lt;div class=\'consent\'&gt;Consentement : Je certifie&lt;/div&gt;\n\n&lt;div class=&quot;signatures&quot;&gt;\n  &lt;div class=&quot;sig-box&quot;&gt;\n    &lt;div class=&quot;sig-name&quot;&gt;Test Signer&lt;/div&gt;\n    &lt;div class=&quot;sig-line&quot;&gt;&lt;/div&gt;\n    &lt;div class=&quot;sig-label&quot;&gt;Gerante - Signe le 17/04/2026 à 19:22&lt;/div&gt;\n  &lt;/div&gt;\n  &lt;div class=&quot;sig-box&quot;&gt;\n    &lt;div class=&quot;sig-name&quot;&gt;None&lt;/div&gt;\n    &lt;div class=&quot;sig-line&quot;&gt;&lt;/div&gt;\n    &lt;div class=&quot;sig-label&quot;&gt;Administrateur&lt;/div&gt;\n  &lt;/div&gt;\n&lt;/div&gt;\n\n&lt;div class=&quot;footer&quot;&gt;\n  Document genere automatiquement - Espace Maxo - Caisse Pro&lt;br/&gt;\n  17/04/2026 19:22 UTC\n&lt;/div&gt;\n&lt;/body&gt;&lt;/html&gt;'">tests/test_financial_points.py:639: in test_get_pdf_for_signed_point
    assert "Point Financier" in content
E   assert 'Point Financier' in '&lt;!DOCTYPE html&gt;\n&lt;html&gt;&lt;head&gt;&lt;meta charset="UTF-8"&gt;\n&lt;style&gt;\n  @page { size: A4; margin: 20mm; }\n  body { font-family: \'Segoe UI\', Arial, sans-serif; color: #1e293b; margin: 0; padding: 20px; }\n  .header { text-align: center; border-bottom: 3px solid #0891b2; padding-bottom: 15px; margin-bottom: 25px; }\n  .header h1 { color: #0891b2; margin: 0; font-size: 22pt; }\n  .header h2 { color: #64748b; margin: 5px 0 0; font-size: 12pt; font-weight: normal; }\n  .meta { display: flex; justify-content: space-between; margin-bottom: 20px; font-size: 10pt; color: #64748b; }\n  .meta-item { text-align: center; }\n  .meta-item strong { display: block; color: #1e293b; font-size: 11pt; }\n  .period { background: #f0f9ff; border: 1px solid #bae6fd; border-radius: 8px; padding: 12px; text-align: center; font-size: 13pt; font-weight: bold; color: #0369a1; margin-bottom: 20px; }\n  .status { display: inline-block; background: #059669; color: white; padding: 4px 16px; border-radius: 20px; font-size: 10pt; font-weight: bold; }\n  table { width: 100%; border-collapse: collapse; margin: 20px 0; }\n  thead th { background: #0891b2; color: white; padding: 10px 12px; text-align: left; font-size: 11p...y&gt;\n    &lt;tr&gt;&lt;td style="padding:8px 12px;border-bottom:1px solid #e2e8f0;"&gt;Espèces&lt;/td&gt;&lt;td style="padding:8px 12px;border-bottom:1px solid #e2e8f0;text-align:right;font-weight:bold;"&gt;25 000 F&lt;/td&gt;&lt;/tr&gt;&lt;tr&gt;&lt;td style="padding:8px 12px;border-bottom:1px solid #e2e8f0;"&gt;Mobile Money&lt;/td&gt;&lt;td style="padding:8px 12px;border-bottom:1px solid #e2e8f0;text-align:right;font-weight:bold;"&gt;10 000 F&lt;/td&gt;&lt;/tr&gt;\n    &lt;tr class="total-row"&gt;\n      &lt;td&gt;TOTAL REVERSEMENT&lt;/td&gt;\n      &lt;td style="text-align:right;"&gt;35 000 F&lt;/td&gt;\n    &lt;/tr&gt;\n  &lt;/tbody&gt;\n&lt;/table&gt;\n\n\n\n&lt;div class=\'notes\'&gt;&lt;strong&gt;Notes :&lt;/strong&gt; Test PDF generation&lt;/div&gt;\n\n&lt;div class=\'consent\'&gt;Consentement : Je certifie&lt;/div&gt;\n\n&lt;div class="signatures"&gt;\n  &lt;div class="sig-box"&gt;\n    &lt;div class="sig-name"&gt;Test Signer&lt;/div&gt;\n    &lt;div class="sig-line"&gt;&lt;/div&gt;\n    &lt;div class="sig-label"&gt;Gerante - Signe le 17/04/2026 à 19:22&lt;/div&gt;\n  &lt;/div&gt;\n  &lt;div class="sig-box"&gt;\n    &lt;div class="sig-name"&gt;None&lt;/div&gt;\n    &lt;div class="sig-line"&gt;&lt;/div&gt;\n    &lt;div class="sig-label"&gt;Administrateur&lt;/div&gt;\n  &lt;/div&gt;\n&lt;/div&gt;\n\n&lt;div class="footer"&gt;\n  Document genere automatiquement - Espace Maxo - Caisse Pro&lt;br/&gt;\n  17/04/2026 19:22 UTC\n&lt;/div&gt;\n&lt;/body&gt;&lt;/html&gt;'</failure></testcase><testcase classname="tests.test_financial_points.TestFinancialPointsPDF" name="test_get_pdf_for_unsigned_point" time="0.238" /><testcase classname="tests.test_financial_points.TestFinancialPointsPDF" name="test_get_pdf_nonexistent_point_returns_404" time="0.109" /><testcase classname="tests.test_financial_points.TestFinancialPointsUpdate" name="test_update_pending_point" time="0.262" /><testcase classname="tests.test_financial_points.TestFinancialPointsUpdate" name="test_non_admin_cannot_update_signed_point" time="0.298" /><testcase classname="tests.test_financial_points.TestFinancialPointsUpdate" name="test_admin_can_update_signed_point" time="0.383" /><testcase classname="tests.test_financial_points.TestFinancialPointsDelete" name="test_delete_pending_point" time="0.236" /><testcase classname="tests.test_financial_points.TestFinancialPointsDelete" name="test_non_admin_cannot_delete_signed_point" time="0.361" /><testcase classname="tests.test_financial_points.TestFinancialPointsDelete" name="test_admin_can_delete_signed_point" time="0.327" /></testsuite></testsuites>