<?xml version="1.0" encoding="utf-8"?><testsuites><testsuite name="pytest" errors="0" failures="0" skipped="0" tests="20" time="3.401" timestamp="2026-04-18T11:29:41.347062" hostname="agent-env-cbdcd10d-e43c-496e-baa0-5a7b611c7625"><testcase classname="tests.test_forecasts_and_analysis.TestForecastsCRUD" name="test_list_forecasts" time="0.122" /><testcase classname="tests.test_forecasts_and_analysis.TestForecastsCRUD" name="test_create_forecast_basic" time="0.128" /><testcase classname="tests.test_forecasts_and_analysis.TestForecastsCRUD" name="test_create_forecast_with_recurrence_weekly" time="0.124" /><testcase classname="tests.test_forecasts_and_analysis.TestForecastsCRUD" name="test_create_forecast_with_recurrence_monthly" time="0.107" /><testcase classname="tests.test_forecasts_and_analysis.TestForecastsCRUD" name="test_create_forecast_invalid_category_defaults_to_autre" time="0.096" /><testcase classname="tests.test_forecasts_and_analysis.TestForecastsCRUD" name="test_update_forecast" time="0.219" /><testcase classname="tests.test_forecasts_and_analysis.TestForecastsCRUD" name="test_update_forecast_not_found" time="0.107" /><testcase classname="tests.test_forecasts_and_analysis.TestForecastsCRUD" name="test_delete_forecast" time="0.214" /><testcase classname="tests.test_forecasts_and_analysis.TestForecastsCRUD" name="test_delete_forecast_not_found" time="0.112" /><testcase classname="tests.test_forecasts_and_analysis.TestForecastsDashboard" name="test_dashboard_basic" time="0.103" /><testcase classname="tests.test_forecasts_and_analysis.TestForecastsDashboard" name="test_dashboard_with_horizon_7_days" time="0.116" /><testcase classname="tests.test_forecasts_and_analysis.TestForecastsDashboard" name="test_dashboard_with_horizon_60_days" time="0.113" /><testcase classname="tests.test_forecasts_and_analysis.TestForecastsDashboard" name="test_dashboard_per_day_structure" time="0.103" /><testcase classname="tests.test_forecasts_and_analysis.TestForecastsDashboard" name="test_dashboard_missing_amount_calculation" time="0.100" /><testcase classname="tests.test_forecasts_and_analysis.TestRecurrenceExpansion" name="test_weekly_recurrence_expansion" time="0.207" /><testcase classname="tests.test_forecasts_and_analysis.TestRecurrenceExpansion" name="test_monthly_recurrence_expansion" time="0.233" /><testcase classname="tests.test_forecasts_and_analysis.TestExpenseAnalysis" name="test_expense_analysis_endpoint" time="0.105" /><testcase classname="tests.test_forecasts_and_analysis.TestExpenseAnalysis" name="test_expense_analysis_structure" time="0.103" /><testcase classname="tests.test_forecasts_and_analysis.TestExpenseAnalysis" name="test_expense_analysis_treasury_impact_levels" time="0.112" /><testcase classname="tests.test_forecasts_and_analysis.TestCleanup" name="test_cleanup_test_forecasts" time="0.816" /></testsuite></testsuites>