<?xml version="1.0" encoding="utf-8"?><testsuites><testsuite name="pytest" errors="0" failures="1" skipped="0" tests="6" time="1.820" timestamp="2026-06-27T20:26:57.211218" hostname="agent-env-cbdcd10d-e43c-496e-baa0-5a7b611c7625"><testcase classname="backend.tests.test_stock_forecast.TestForecastEndpoint" name="test_forecast_basic_structure" time="0.450" /><testcase classname="backend.tests.test_stock_forecast.TestForecastEndpoint" name="test_forecast_sorting_critical_first" time="0.170" /><testcase classname="backend.tests.test_stock_forecast.TestForecastEndpoint" name="test_forecast_top_limit" time="0.133" /><testcase classname="backend.tests.test_stock_forecast.TestForecastEndpoint" name="test_current_quantity_field_present_and_correct" time="0.271"><failure message="AssertionError: BUG: forecast current_quantity=0.0 but stock product quantity=1.0 (likely reading wrong field name 'current_quantity' instead of 'quantity' in stock.py)&#10;assert 0.0 == 1.0 ± 1.0e-02&#10;  comparison failed&#10;  Obtained: 0.0&#10;  Expected: 1.0 ± 1.0e-02">backend/tests/test_stock_forecast.py:63: in test_current_quantity_field_present_and_correct
    assert match["current_quantity"] == pytest.approx(sample["quantity"], rel=0.01), (
E   AssertionError: BUG: forecast current_quantity=0.0 but stock product quantity=1.0 (likely reading wrong field name 'current_quantity' instead of 'quantity' in stock.py)
E   assert 0.0 == 1.0 ± 1.0e-02
E     comparison failed
E     Obtained: 0.0
E     Expected: 1.0 ± 1.0e-02</failure></testcase><testcase classname="backend.tests.test_stock_forecast.TestManualConsumption" name="test_manual_consumption_persistence_and_source" time="0.438" /><testcase classname="backend.tests.test_stock_forecast.TestManualConsumption" name="test_movements_priority_over_manual" time="0.322" /></testsuite></testsuites>