<?xml version="1.0" encoding="utf-8"?><testsuites><testsuite name="pytest" errors="0" failures="0" skipped="0" tests="15" time="4.921" timestamp="2026-05-01T21:59:30.810393" hostname="agent-env-cbdcd10d-e43c-496e-baa0-5a7b611c7625"><testcase classname="backend.tests.test_gerante_advances.TestGeranteAdvancesCreate" name="test_create_advance_success" time="0.452" /><testcase classname="backend.tests.test_gerante_advances.TestGeranteAdvancesCreate" name="test_create_advance_zero_amount_fails" time="0.112" /><testcase classname="backend.tests.test_gerante_advances.TestGeranteAdvancesCreate" name="test_create_advance_negative_amount_fails" time="0.135" /><testcase classname="backend.tests.test_gerante_advances.TestGeranteAdvancesList" name="test_list_all_advances" time="0.357" /><testcase classname="backend.tests.test_gerante_advances.TestGeranteAdvancesList" name="test_list_pending_advances" time="0.389" /><testcase classname="backend.tests.test_gerante_advances.TestGeranteAdvancesSummary" name="test_summary_returns_expected_fields" time="0.123" /><testcase classname="backend.tests.test_gerante_advances.TestGeranteAdvancesReimburse" name="test_reimburse_advance_success" time="0.326" /><testcase classname="backend.tests.test_gerante_advances.TestGeranteAdvancesReimburse" name="test_reimburse_already_reimbursed_fails" time="0.466" /><testcase classname="backend.tests.test_gerante_advances.TestGeranteAdvancesReimburse" name="test_reimburse_nonexistent_fails" time="0.143" /><testcase classname="backend.tests.test_gerante_advances.TestGeranteAdvancesReimburseAll" name="test_reimburse_all_pending" time="0.818" /><testcase classname="backend.tests.test_gerante_advances.TestGeranteAdvancesDelete" name="test_delete_advance_success" time="0.353" /><testcase classname="backend.tests.test_gerante_advances.TestGeranteAdvancesDelete" name="test_delete_nonexistent_fails" time="0.110" /><testcase classname="backend.tests.test_gerante_advances.TestCashClosuresLiveWithAdvances" name="test_live_snapshot_includes_gerante_fields" time="0.098" /><testcase classname="backend.tests.test_gerante_advances.TestCashClosuresLiveWithAdvances" name="test_expected_cash_includes_pending_advance" time="0.490" /><testcase classname="backend.tests.test_gerante_advances.TestCashClosureGapCalculation" name="test_gap_cash_uses_expected_cash" time="0.473" /></testsuite></testsuites>