<?xml version="1.0" encoding="utf-8"?><testsuites><testsuite name="pytest" errors="0" failures="0" skipped="0" tests="26" time="6.036" timestamp="2026-04-17T20:15:35.490565" hostname="agent-env-cbdcd10d-e43c-496e-baa0-5a7b611c7625"><testcase classname="tests.test_invoices_refactoring.TestInvoicesRouterRefactoring" name="test_route_collision_invoices_stats_not_intercepted" time="0.153" /><testcase classname="tests.test_invoices_refactoring.TestInvoicesRouterRefactoring" name="test_route_collision_invoices_stats_monthly" time="0.113" /><testcase classname="tests.test_invoices_refactoring.TestInvoicesRouterRefactoring" name="test_create_invoice_success" time="0.240" /><testcase classname="tests.test_invoices_refactoring.TestInvoicesRouterRefactoring" name="test_get_invoices_list" time="0.117" /><testcase classname="tests.test_invoices_refactoring.TestInvoicesRouterRefactoring" name="test_get_invoices_filter_by_date" time="0.120" /><testcase classname="tests.test_invoices_refactoring.TestInvoicesRouterRefactoring" name="test_get_invoices_filter_by_date_range" time="0.127" /><testcase classname="tests.test_invoices_refactoring.TestInvoicesRouterRefactoring" name="test_get_invoices_server_role_filter" time="0.114" /><testcase classname="tests.test_invoices_refactoring.TestInvoicesRouterRefactoring" name="test_get_invoice_by_id_success" time="0.357" /><testcase classname="tests.test_invoices_refactoring.TestInvoicesRouterRefactoring" name="test_get_invoice_by_id_not_found" time="0.120" /><testcase classname="tests.test_invoices_refactoring.TestInvoicesRouterRefactoring" name="test_update_invoice_basic" time="0.505" /><testcase classname="tests.test_invoices_refactoring.TestInvoicesRouterRefactoring" name="test_update_invoice_not_found" time="0.111" /><testcase classname="tests.test_invoices_refactoring.TestInvoicesRouterRefactoring" name="test_delete_invoice_success" time="0.395" /><testcase classname="tests.test_invoices_refactoring.TestInvoicesRouterRefactoring" name="test_delete_invoice_not_found" time="0.135" /><testcase classname="tests.test_invoices_refactoring.TestInvoicesRouterRefactoring" name="test_update_items_requires_modification_allowed" time="0.346" /><testcase classname="tests.test_invoices_refactoring.TestInvoicesRouterRefactoring" name="test_generate_pdf_success" time="0.368" /><testcase classname="tests.test_invoices_refactoring.TestInvoicesRouterRefactoring" name="test_generate_pdf_not_found" time="0.117" /><testcase classname="tests.test_invoices_refactoring.TestInvoicesRouterRefactoring" name="test_assign_week_success" time="0.462" /><testcase classname="tests.test_invoices_refactoring.TestInvoicesRouterRefactoring" name="test_assign_week_not_found" time="0.111" /><testcase classname="tests.test_invoices_refactoring.TestInvoicesRouterRefactoring" name="test_assign_week_bulk_success" time="0.612" /><testcase classname="tests.test_invoices_refactoring.TestInvoicesRouterRefactoring" name="test_unassign_week_bulk_success" time="0.612" /><testcase classname="tests.test_invoices_refactoring.TestOtherEndpointsRegression" name="test_analytics_dashboard" time="0.119" /><testcase classname="tests.test_invoices_refactoring.TestOtherEndpointsRegression" name="test_reports_revenue_by_payment" time="0.117" /><testcase classname="tests.test_invoices_refactoring.TestOtherEndpointsRegression" name="test_financial_points" time="0.133" /><testcase classname="tests.test_invoices_refactoring.TestOtherEndpointsRegression" name="test_caisse_users" time="0.118" /><testcase classname="tests.test_invoices_refactoring.TestOtherEndpointsRegression" name="test_caisse_login_admin" time="0.103" /><testcase classname="tests.test_invoices_refactoring.TestOtherEndpointsRegression" name="test_caisse_login_manager" time="0.111" /></testsuite></testsuites>