<?xml version="1.0" encoding="utf-8"?><testsuites><testsuite name="pytest" errors="0" failures="0" skipped="0" tests="8" time="1.882" timestamp="2026-06-24T01:12:02.476640" hostname="agent-env-cbdcd10d-e43c-496e-baa0-5a7b611c7625"><testcase classname="backend.tests.test_health_probes_iter101.TestHealthProbes" name="test_api_root_probe" time="0.401" /><testcase classname="backend.tests.test_health_probes_iter101.TestHealthProbes" name="test_api_health_probe" time="0.127" /><testcase classname="backend.tests.test_health_probes_iter101.TestHealthProbes" name="test_probes_repeated_consistency" time="0.779" /><testcase classname="backend.tests.test_health_probes_iter101.TestExistingEndpoints" name="test_promo_vacances_still_works" time="0.097" /><testcase classname="backend.tests.test_health_probes_iter101.TestExistingEndpoints" name="test_caisse_login_admin" time="0.112" /><testcase classname="backend.tests.test_health_probes_iter101.TestExistingEndpoints" name="test_caisse_login_wrong_password" time="0.112" /><testcase classname="backend.tests.test_health_probes_iter101.TestExistingEndpoints" name="test_caisse_products_list" time="0.107" /><testcase classname="backend.tests.test_health_probes_iter101.TestQuickProductsBackgroundSeed" name="test_quick_products_eventually_seeded" time="0.121" /></testsuite></testsuites>