<?xml version="1.0" encoding="utf-8"?><testsuites><testsuite name="pytest" errors="0" failures="0" skipped="0" tests="16" time="27.251" timestamp="2026-04-22T16:34:10.919505" hostname="agent-env-cbdcd10d-e43c-496e-baa0-5a7b611c7625"><testcase classname="backend.tests.test_iteration42_features.TestExpensesDecimalQuantity" name="test_create_expense_with_decimal_quantity" time="4.527" /><testcase classname="backend.tests.test_iteration42_features.TestExpensesDecimalQuantity" name="test_create_grouped_expense_with_decimal_items" time="2.798" /><testcase classname="backend.tests.test_iteration42_features.TestExpensesDecimalQuantity" name="test_update_expense_with_decimal_quantity_items" time="3.510" /><testcase classname="backend.tests.test_iteration42_features.TestNeedsDecimalQuantity" name="test_create_need_with_decimal_quantity" time="2.721" /><testcase classname="backend.tests.test_iteration42_features.TestNeedsDecimalQuantity" name="test_create_need_with_decimal_items" time="3.398" /><testcase classname="backend.tests.test_iteration42_features.TestNeedsDecimalQuantity" name="test_update_need_with_decimal_quantity" time="3.445" /><testcase classname="backend.tests.test_iteration42_features.TestCurrentAccountsAutoDeduct" name="test_create_account_with_auto_deduct_enabled" time="0.168" /><testcase classname="backend.tests.test_iteration42_features.TestCurrentAccountsAutoDeduct" name="test_update_account_toggle_auto_deduct" time="0.397" /><testcase classname="backend.tests.test_iteration42_features.TestCurrentAccountsAutoDeduct" name="test_run_auto_deduction_endpoint" time="0.054" /><testcase classname="backend.tests.test_iteration42_features.TestCurrentAccountsAutoDeduct" name="test_run_auto_deduction_idempotency" time="0.322" /><testcase classname="backend.tests.test_iteration42_features.TestCurrentAccountsAutoDeduct" name="test_get_accounts_with_auto_run_false" time="0.069" /><testcase classname="backend.tests.test_iteration42_features.TestCurrentAccountsAutoDeduct" name="test_get_accounts_default_auto_run" time="0.072" /><testcase classname="backend.tests.test_iteration42_features.TestExpensesRegression" name="test_get_expenses" time="0.060" /><testcase classname="backend.tests.test_iteration42_features.TestExpensesRegression" name="test_expense_crud_flow" time="2.773" /><testcase classname="backend.tests.test_iteration42_features.TestNeedsRegression" name="test_get_needs" time="0.061" /><testcase classname="backend.tests.test_iteration42_features.TestNeedsRegression" name="test_needs_crud_flow" time="2.785" /></testsuite></testsuites>