<?xml version="1.0" encoding="utf-8"?><testsuites><testsuite name="pytest" errors="0" failures="0" skipped="0" tests="16" time="2.302" timestamp="2026-06-29T16:11:41.313441" hostname="agent-env-cbdcd10d-e43c-496e-baa0-5a7b611c7625"><testcase classname="backend.tests.test_cuisine_close_day_iter121.TestCuisineOrdersListing" name="test_active_orders_cuisinier" time="0.300" /><testcase classname="backend.tests.test_cuisine_close_day_iter121.TestCuisineOrdersListing" name="test_done_orders_cuisinier" time="0.118" /><testcase classname="backend.tests.test_cuisine_close_day_iter121.TestCloseDay" name="test_close_day_success" time="0.117" /><testcase classname="backend.tests.test_cuisine_close_day_iter121.TestCloseDay" name="test_close_day_empty_returns_400" time="0.115" /><testcase classname="backend.tests.test_cuisine_close_day_iter121.TestCloseDay" name="test_close_day_forbidden_for_other_roles" time="0.107" /><testcase classname="backend.tests.test_cuisine_close_day_iter121.TestPostClosureVisibility" name="test_cuisinier_active_now_empty_for_test_tables" time="0.113" /><testcase classname="backend.tests.test_cuisine_close_day_iter121.TestPostClosureVisibility" name="test_cuisinier_done_now_empty_for_test_tables" time="0.131" /><testcase classname="backend.tests.test_cuisine_close_day_iter121.TestPostClosureVisibility" name="test_admin_still_sees_all" time="0.125" /><testcase classname="backend.tests.test_cuisine_close_day_iter121.TestDayClosuresAdmin" name="test_list_day_closures_admin" time="0.148" /><testcase classname="backend.tests.test_cuisine_close_day_iter121.TestDayClosuresAdmin" name="test_list_day_closures_with_date_filter" time="0.108" /><testcase classname="backend.tests.test_cuisine_close_day_iter121.TestDayClosuresAdmin" name="test_list_day_closures_forbidden_cuisinier" time="0.108" /><testcase classname="backend.tests.test_cuisine_close_day_iter121.TestDayClosuresAdmin" name="test_get_day_closure_detail" time="0.122" /><testcase classname="backend.tests.test_cuisine_close_day_iter121.TestDayClosuresAdmin" name="test_get_day_closure_not_found" time="0.114" /><testcase classname="backend.tests.test_cuisine_close_day_iter121.TestDayClosuresAdmin" name="test_get_day_closure_forbidden" time="0.106" /><testcase classname="backend.tests.test_cuisine_close_day_iter121.TestDeleteClosure" name="test_delete_closure_admin_creates_audit" time="0.241" /><testcase classname="backend.tests.test_cuisine_close_day_iter121.TestDeleteClosure" name="test_delete_closure_forbidden_cuisinier" time="0.110" /></testsuite></testsuites>