<?xml version="1.0" encoding="utf-8"?><testsuites><testsuite name="pytest" errors="0" failures="0" skipped="0" tests="9" time="2.361" timestamp="2026-06-26T19:31:36.359006" hostname="agent-env-cbdcd10d-e43c-496e-baa0-5a7b611c7625"><testcase classname="backend.tests.test_caisse_thresholds_iter119.TestThresholdsDefaultsAndCRUD" name="test_reset_then_get_defaults" time="0.413" /><testcase classname="backend.tests.test_caisse_thresholds_iter119.TestThresholdsDefaultsAndCRUD" name="test_put_then_get_persists" time="0.240" /><testcase classname="backend.tests.test_caisse_thresholds_iter119.TestThresholdsDefaultsAndCRUD" name="test_delete_resets_to_defaults" time="0.103" /><testcase classname="backend.tests.test_caisse_thresholds_iter119.TestThresholdsValidation" name="test_invalid_rate_too_high" time="0.105" /><testcase classname="backend.tests.test_caisse_thresholds_iter119.TestThresholdsValidation" name="test_invalid_negative_cap" time="0.111" /><testcase classname="backend.tests.test_caisse_thresholds_iter119.TestManagerCapStatusDynamic" name="test_cap_status_default" time="0.261" /><testcase classname="backend.tests.test_caisse_thresholds_iter119.TestManagerCapStatusDynamic" name="test_cap_status_after_update" time="0.347" /><testcase classname="backend.tests.test_caisse_thresholds_iter119.TestMonsieurOrdersDiscount" name="test_monsieur_order_applies_50pct_discount" time="0.315" /><testcase classname="backend.tests.test_caisse_thresholds_iter119.TestManagerOrdersCapEnforcement" name="test_at_limit_accepted_and_over_limit_rejected" time="0.434" /></testsuite></testsuites>