<?xml version="1.0" encoding="utf-8"?><testsuites><testsuite name="pytest" errors="0" failures="0" skipped="0" tests="14" time="1.740" timestamp="2026-06-24T00:06:16.049205" hostname="agent-env-cbdcd10d-e43c-496e-baa0-5a7b611c7625"><testcase classname="backend.tests.test_caisse_product_workflow_iter99.TestPendingCreation" name="test_create_by_manager_returns_pending" time="0.245" /><testcase classname="backend.tests.test_caisse_product_workflow_iter99.TestPendingCreation" name="test_pending_product_not_in_default_get" time="0.053" /><testcase classname="backend.tests.test_caisse_product_workflow_iter99.TestPendingCreation" name="test_pending_visible_with_include_pending" time="0.046" /><testcase classname="backend.tests.test_caisse_product_workflow_iter99.TestPendingCreation" name="test_pending_visible_with_status_all" time="0.046" /><testcase classname="backend.tests.test_caisse_product_workflow_iter99.TestPendingCreation" name="test_status_pending_filter" time="0.044" /><testcase classname="backend.tests.test_caisse_product_workflow_iter99.TestPendingCreation" name="test_pending_endpoint_returns_pending_only" time="0.046" /><testcase classname="backend.tests.test_caisse_product_workflow_iter99.TestAdminCreation" name="test_create_by_admin_returns_approved" time="0.042" /><testcase classname="backend.tests.test_caisse_product_workflow_iter99.TestAdminCreation" name="test_admin_product_in_default_get" time="0.047" /><testcase classname="backend.tests.test_caisse_product_workflow_iter99.TestApprove" name="test_approve_pending_product" time="0.179" /><testcase classname="backend.tests.test_caisse_product_workflow_iter99.TestReject" name="test_reject_removes_product_and_traces" time="0.176" /><testcase classname="backend.tests.test_caisse_product_workflow_iter99.TestDuplicates" name="test_duplicates_endpoint_detects_group" time="0.178" /><testcase classname="backend.tests.test_caisse_product_workflow_iter99.TestDuplicates" name="test_deduplicate_dry_run_does_not_delete" time="0.097" /><testcase classname="backend.tests.test_caisse_product_workflow_iter99.TestDuplicates" name="test_deduplicate_real_run_keeps_most_history" time="0.096" /><testcase classname="backend.tests.test_caisse_product_workflow_iter99.TestPendingNotUsable" name="test_pending_product_not_listed_for_billing" time="0.399" /></testsuite></testsuites>