<?xml version="1.0" encoding="utf-8"?><testsuites><testsuite name="pytest" errors="0" failures="0" skipped="0" tests="24" time="64.494" timestamp="2026-05-30T16:33:10.134912" hostname="agent-env-cbdcd10d-e43c-496e-baa0-5a7b611c7625"><testcase classname="tests.test_jeux_coach.TestJeuxCatalog" name="test_catalog_coach_jeux_access" time="0.318" /><testcase classname="tests.test_jeux_coach.TestJeuxCatalog" name="test_catalog_admin_access" time="0.109" /><testcase classname="tests.test_jeux_coach.TestJeuxCatalog" name="test_catalog_manager_access" time="0.124" /><testcase classname="tests.test_jeux_coach.TestJeuxCatalog" name="test_catalog_server_forbidden" time="0.106" /><testcase classname="tests.test_jeux_coach.TestJeuxCatalog" name="test_catalog_empty_role_forbidden" time="0.107" /><testcase classname="tests.test_jeux_coach.TestJeuxBonsCreate" name="test_create_bon_success" time="0.235" /><testcase classname="tests.test_jeux_coach.TestJeuxBonsCreate" name="test_create_bon_zero_parties_validation" time="0.223" /><testcase classname="tests.test_jeux_coach.TestJeuxBonsCreate" name="test_create_bon_negative_parties_validation" time="0.256" /><testcase classname="tests.test_jeux_coach.TestJeuxBonsCreate" name="test_create_bon_server_role_forbidden" time="0.227" /><testcase classname="tests.test_jeux_coach.TestJeuxBonsCreate" name="test_create_bon_admin_allowed" time="0.240" /><testcase classname="tests.test_jeux_coach.TestJeuxBonsList" name="test_list_bons_coach_sees_own" time="0.341" /><testcase classname="tests.test_jeux_coach.TestJeuxBonsList" name="test_list_bons_manager_sees_all" time="0.138" /><testcase classname="tests.test_jeux_coach.TestJeuxBonsList" name="test_list_bons_manager_filter_pending" time="0.106" /><testcase classname="tests.test_jeux_coach.TestJeuxBonsList" name="test_list_bons_server_forbidden" time="0.117" /><testcase classname="tests.test_jeux_coach.TestJeuxBonsAttach" name="test_attach_bon_success" time="0.577" /><testcase classname="tests.test_jeux_coach.TestJeuxBonsAttach" name="test_attach_bon_server_forbidden" time="0.427" /><testcase classname="tests.test_jeux_coach.TestJeuxBonsAttach" name="test_attach_non_pending_bon_fails" time="0.617" /><testcase classname="tests.test_jeux_coach.TestJeuxBonsStandalone" name="test_standalone_invoice_success" time="39.181" /><testcase classname="tests.test_jeux_coach.TestJeuxBonsReject" name="test_reject_bon_success" time="19.923" /><testcase classname="tests.test_jeux_coach.TestJeuxBonsReject" name="test_reject_bon_empty_reason_fails" time="0.337" /><testcase classname="tests.test_jeux_coach.TestJeuxBonsReject" name="test_reject_bon_whitespace_reason_fails" time="0.319" /><testcase classname="tests.test_jeux_coach.TestMongoDBSecurity" name="test_catalog_no_mongodb_id" time="0.102" /><testcase classname="tests.test_jeux_coach.TestMongoDBSecurity" name="test_bons_list_no_mongodb_id" time="0.122" /><testcase classname="tests.test_jeux_coach.TestMongoDBSecurity" name="test_create_bon_no_mongodb_id" time="0.218" /></testsuite></testsuites>