<?xml version="1.0" encoding="utf-8"?><testsuites><testsuite name="pytest" errors="0" failures="0" skipped="0" tests="11" time="3.521" timestamp="2026-05-30T17:09:25.253120" hostname="agent-env-cbdcd10d-e43c-496e-baa0-5a7b611c7625"><testcase classname="backend.tests.test_jeux_multi_items_iter90.TestMultiItemsBonCreate" name="test_create_multi_items_bon_success" time="0.551" /><testcase classname="backend.tests.test_jeux_multi_items_iter90.TestMultiItemsBonCreate" name="test_create_bon_empty_items_returns_400" time="0.145" /><testcase classname="backend.tests.test_jeux_multi_items_iter90.TestMultiItemsBonCreate" name="test_create_bon_zero_parties_returns_422" time="0.252" /><testcase classname="backend.tests.test_jeux_multi_items_iter90.TestMultiItemsBonCreate" name="test_create_bon_server_role_returns_403" time="0.243" /><testcase classname="backend.tests.test_jeux_multi_items_iter90.TestMultiItemsBonCreate" name="test_create_bon_single_item_success" time="0.262" /><testcase classname="backend.tests.test_jeux_multi_items_iter90.TestMultiItemsBonsList" name="test_list_bons_returns_items_array" time="0.107" /><testcase classname="backend.tests.test_jeux_multi_items_iter90.TestMultiItemsAttach" name="test_attach_multi_items_adds_all_to_table" time="0.874" /><testcase classname="backend.tests.test_jeux_multi_items_iter90.TestMultiItemsStandalone" name="test_standalone_creates_invoice_with_all_items" time="0.484" /><testcase classname="backend.tests.test_jeux_multi_items_iter90.TestLegacyBonsCompatibility" name="test_legacy_bons_still_listable" time="0.108" /><testcase classname="backend.tests.test_jeux_multi_items_iter90.TestLegacyBonsCompatibility" name="test_existing_multi_items_bon_processable" time="0.114" /><testcase classname="backend.tests.test_jeux_multi_items_iter90.TestRejectStillWorks" name="test_reject_multi_items_bon_success" time="0.334" /></testsuite></testsuites>