<?xml version="1.0" encoding="utf-8"?><testsuites><testsuite name="pytest" errors="0" failures="0" skipped="0" tests="10" time="3.238" timestamp="2026-05-30T18:07:05.283936" hostname="agent-env-cbdcd10d-e43c-496e-baa0-5a7b611c7625"><testcase classname="backend.tests.test_jeux_hourly_billing_iter92.TestHourlyBillingCreate" name="test_create_hourly_bon_success" time="0.551" /><testcase classname="backend.tests.test_jeux_hourly_billing_iter92.TestHourlyBillingCreate" name="test_create_parties_bon_no_hourly_fields" time="0.276" /><testcase classname="backend.tests.test_jeux_hourly_billing_iter92.TestHourlyBillingCreate" name="test_create_mixed_bon_hourly_and_parties" time="0.262" /><testcase classname="backend.tests.test_jeux_hourly_billing_iter92.TestHourlyBillingCreate" name="test_create_hourly_bon_default_billing_mode" time="0.244" /><testcase classname="backend.tests.test_jeux_hourly_billing_iter92.TestHourlyBillingList" name="test_list_bons_returns_hourly_fields" time="0.109" /><testcase classname="backend.tests.test_jeux_hourly_billing_iter92.TestHourlyBillingAttach" name="test_attach_hourly_item_generates_forfait_notes" time="0.708" /><testcase classname="backend.tests.test_jeux_hourly_billing_iter92.TestHourlyBillingStandalone" name="test_standalone_hourly_creates_invoice_with_notes" time="0.497" /><testcase classname="backend.tests.test_jeux_hourly_billing_iter92.TestExistingHourlyBon" name="test_existing_hourly_bon_structure" time="0.117" /><testcase classname="backend.tests.test_jeux_hourly_billing_iter92.TestHourlyBillingEdgeCases" name="test_hourly_with_half_hours" time="0.211" /><testcase classname="backend.tests.test_jeux_hourly_billing_iter92.TestHourlyBillingEdgeCases" name="test_hourly_with_custom_rate" time="0.213" /></testsuite></testsuites>