<?xml version="1.0" encoding="utf-8"?><testsuites><testsuite name="pytest" errors="0" failures="0" skipped="0" tests="13" time="2.156" timestamp="2026-05-27T19:56:20.044312" hostname="agent-env-cbdcd10d-e43c-496e-baa0-5a7b611c7625"><testcase classname="backend.tests.test_journal_ohada_iter85.TestJournalOhadaEndpoint" name="test_basic_endpoint_with_date_range" time="0.364" /><testcase classname="backend.tests.test_journal_ohada_iter85.TestJournalOhadaEndpoint" name="test_response_balance_verification" time="0.129" /><testcase classname="backend.tests.test_journal_ohada_iter85.TestJournalOhadaEndpoint" name="test_entry_structure" time="0.136" /><testcase classname="backend.tests.test_journal_ohada_iter85.TestJournalOhadaEndpoint" name="test_account_filter" time="0.300" /><testcase classname="backend.tests.test_journal_ohada_iter85.TestJournalOhadaEndpoint" name="test_search_filter" time="0.116" /><testcase classname="backend.tests.test_journal_ohada_iter85.TestJournalOhadaEndpoint" name="test_search_filter_facture" time="0.131" /><testcase classname="backend.tests.test_journal_ohada_iter85.TestJournalOhadaEndpoint" name="test_invalid_date_format_returns_400" time="0.123" /><testcase classname="backend.tests.test_journal_ohada_iter85.TestJournalOhadaEndpoint" name="test_invalid_date_format_wrong_separator" time="0.110" /><testcase classname="backend.tests.test_journal_ohada_iter85.TestJournalOhadaEndpoint" name="test_accounts_summary" time="0.115" /><testcase classname="backend.tests.test_journal_ohada_iter85.TestJournalOhadaEndpoint" name="test_ohada_plan_structure" time="0.109" /><testcase classname="backend.tests.test_journal_ohada_iter85.TestJournalOhadaEndpoint" name="test_single_date_range" time="0.114" /><testcase classname="backend.tests.test_journal_ohada_iter85.TestJournalOhadaEndpoint" name="test_empty_date_range" time="0.247" /><testcase classname="backend.tests.test_journal_ohada_iter85.TestJournalOhadaEndpoint" name="test_combined_filters" time="0.129" /></testsuite></testsuites>