<?xml version="1.0" encoding="utf-8"?><testsuites><testsuite name="pytest" errors="0" failures="0" skipped="0" tests="14" time="3.679" timestamp="2026-05-02T13:13:08.764616" hostname="agent-env-cbdcd10d-e43c-496e-baa0-5a7b611c7625"><testcase classname="backend.tests.test_journal_settings_iter79.TestJournalSettings" name="test_get_settings_returns_cutoff_and_default" time="0.292" /><testcase classname="backend.tests.test_journal_settings_iter79.TestJournalSettings" name="test_post_settings_valid_date" time="0.524" /><testcase classname="backend.tests.test_journal_settings_iter79.TestJournalSettings" name="test_post_settings_invalid_format_abc" time="0.101" /><testcase classname="backend.tests.test_journal_settings_iter79.TestJournalSettings" name="test_post_settings_invalid_format_partial" time="0.135" /><testcase classname="backend.tests.test_journal_settings_iter79.TestJournalSettings" name="test_post_settings_invalid_date_value" time="0.138" /><testcase classname="backend.tests.test_journal_settings_iter79.TestJournalDashboardCutoff" name="test_dashboard_includes_cutoff_field" time="0.107" /><testcase classname="backend.tests.test_journal_settings_iter79.TestJournalDashboardCutoff" name="test_dashboard_cutoff_matches_settings" time="0.229" /><testcase classname="backend.tests.test_journal_settings_iter79.TestJournalDashboardCutoff" name="test_dashboard_cutoff_updates_after_settings_change" time="0.466" /><testcase classname="backend.tests.test_journal_settings_iter79.TestJournalReset" name="test_reset_with_confirm_false_returns_400" time="0.105" /><testcase classname="backend.tests.test_journal_settings_iter79.TestJournalReset" name="test_reset_with_confirm_true_succeeds" time="0.217" /><testcase classname="backend.tests.test_journal_settings_iter79.TestJournalReset" name="test_reset_with_set_cutoff_to" time="0.404" /><testcase classname="backend.tests.test_journal_settings_iter79.TestJournalReset" name="test_reset_with_invalid_set_cutoff_to_returns_422" time="0.106" /><testcase classname="backend.tests.test_journal_settings_iter79.TestJournalReset" name="test_reset_deletes_manual_operations" time="0.674" /><testcase classname="backend.tests.test_journal_settings_iter79.TestCleanup" name="test_zz_restore_cutoff_to_default" time="0.108" /></testsuite></testsuites>