<?xml version="1.0" encoding="utf-8"?><testsuites><testsuite name="pytest" errors="0" failures="0" skipped="0" tests="22" time="12.893" timestamp="2026-05-02T12:57:42.947096" hostname="agent-env-cbdcd10d-e43c-496e-baa0-5a7b611c7625"><testcase classname="backend.tests.test_journal_iter78.TestJournalManualCreate" name="test_create_entree_returns_200" time="0.258" /><testcase classname="backend.tests.test_journal_iter78.TestJournalManualCreate" name="test_create_depense_returns_200" time="0.126" /><testcase classname="backend.tests.test_journal_iter78.TestJournalManualCreate" name="test_depense_auto_categorization_cuisine" time="0.125" /><testcase classname="backend.tests.test_journal_iter78.TestJournalManualCreate" name="test_depense_auto_categorization_charges" time="0.104" /><testcase classname="backend.tests.test_journal_iter78.TestJournalManualCreate" name="test_entree_auto_categorization_ventes" time="0.102" /><testcase classname="backend.tests.test_journal_iter78.TestJournalManualCreate" name="test_create_invalid_type_returns_422" time="0.104" /><testcase classname="backend.tests.test_journal_iter78.TestJournalManualCreate" name="test_create_negative_amount_returns_422" time="0.108" /><testcase classname="backend.tests.test_journal_iter78.TestJournalManualCreate" name="test_manual_op_increments_balance" time="0.431" /><testcase classname="backend.tests.test_journal_iter78.TestJournalManualDelete" name="test_delete_manual_op_returns_200" time="0.236" /><testcase classname="backend.tests.test_journal_iter78.TestJournalManualDelete" name="test_delete_nonexistent_returns_404" time="0.097" /><testcase classname="backend.tests.test_journal_iter78.TestJournalManualDelete" name="test_delete_restores_balance" time="0.524" /><testcase classname="backend.tests.test_journal_iter78.TestJournalChat" name="test_chat_entree_creates_real" time="1.617" /><testcase classname="backend.tests.test_journal_iter78.TestJournalChat" name="test_chat_depense_creates_real" time="1.643" /><testcase classname="backend.tests.test_journal_iter78.TestJournalChat" name="test_chat_prevision_depense_creates_forecast" time="1.517" /><testcase classname="backend.tests.test_journal_iter78.TestJournalChat" name="test_chat_situation_shows_balance" time="1.424" /><testcase classname="backend.tests.test_journal_iter78.TestJournalChat" name="test_chat_unknown_gives_examples" time="1.377" /><testcase classname="backend.tests.test_journal_iter78.TestJournalChat" name="test_chat_empty_message_returns_422" time="0.100" /><testcase classname="backend.tests.test_journal_iter78.TestJournalCutoff" name="test_dashboard_uses_cutoff" time="0.103" /><testcase classname="backend.tests.test_journal_iter78.TestJournalCutoff" name="test_realtime_excludes_pre_cutoff" time="0.111" /><testcase classname="backend.tests.test_journal_iter78.TestJournalRealtimeManual" name="test_manual_op_appears_in_realtime" time="0.328" /><testcase classname="backend.tests.test_journal_iter78.TestJournalRealtimeManual" name="test_chat_created_op_appears_in_realtime" time="1.768" /><testcase classname="backend.tests.test_journal_iter78.TestCleanup" name="test_cleanup_test_data" time="0.626" /></testsuite></testsuites>