<?xml version="1.0" encoding="utf-8"?><testsuites><testsuite name="pytest" errors="0" failures="0" skipped="0" tests="8" time="1.688" timestamp="2026-02-23T12:33:00.601690" hostname="agent-env-a80369b6-bc55-47aa-a259-dc080e182456"><testcase classname="backend.tests.test_loyalty.TestLoyaltyEndpoints" name="test_loyalty_status_new_customer" time="0.231" /><testcase classname="backend.tests.test_loyalty.TestLoyaltyEndpoints" name="test_loyalty_status_with_plus229_prefix" time="0.144" /><testcase classname="backend.tests.test_loyalty.TestLoyaltyEndpoints" name="test_loyalty_status_with_spaces" time="0.103" /><testcase classname="backend.tests.test_loyalty.TestLoyaltyEndpoints" name="test_add_points_booking_not_found" time="0.106" /><testcase classname="backend.tests.test_loyalty.TestLoyaltyEndpoints" name="test_admin_loyalty_accounts_no_auth" time="0.135" /><testcase classname="backend.tests.test_loyalty.TestLoyaltyEndpoints" name="test_admin_loyalty_accounts_with_auth" time="0.444" /><testcase classname="backend.tests.test_loyalty.TestLoyaltyIntegration" name="test_create_booking_and_check_loyalty" time="0.257" /><testcase classname="backend.tests.test_loyalty.TestLoyaltyRedemption" name="test_redeem_non_existent_account" time="0.117" /></testsuite></testsuites>