<?xml version="1.0" encoding="utf-8"?><testsuites><testsuite name="pytest" errors="0" failures="0" skipped="0" tests="15" time="2.299" timestamp="2026-03-10T03:45:55.853627" hostname="agent-env-327b4c11-2ccf-4064-b921-fc63f4acd608"><testcase classname="backend.tests.test_menu_notifications.TestManagerProductManagement" name="test_create_product_with_notification" time="0.141" /><testcase classname="backend.tests.test_menu_notifications.TestManagerProductManagement" name="test_get_products" time="0.109" /><testcase classname="backend.tests.test_menu_notifications.TestManagerProductManagement" name="test_update_product" time="0.351" /><testcase classname="backend.tests.test_menu_notifications.TestManagerProductManagement" name="test_delete_product" time="0.239" /><testcase classname="backend.tests.test_menu_notifications.TestAdminMenuNotifications" name="test_get_notifications" time="0.130" /><testcase classname="backend.tests.test_menu_notifications.TestAdminMenuNotifications" name="test_get_unread_notifications" time="0.108" /><testcase classname="backend.tests.test_menu_notifications.TestAdminMenuNotifications" name="test_notification_structure" time="0.108" /><testcase classname="backend.tests.test_menu_notifications.TestAdminMenuNotifications" name="test_mark_notification_read" time="0.214" /><testcase classname="backend.tests.test_menu_notifications.TestAdminMenuNotifications" name="test_mark_all_notifications_read" time="0.115" /><testcase classname="backend.tests.test_menu_notifications.TestServerDailyReport" name="test_get_server_daily_report" time="0.105" /><testcase classname="backend.tests.test_menu_notifications.TestServerDailyReport" name="test_get_server_report_with_date" time="0.136" /><testcase classname="backend.tests.test_menu_notifications.TestServerDailyReport" name="test_server_report_breakdown" time="0.109" /><testcase classname="backend.tests.test_menu_notifications.TestCaisseLogin" name="test_manager_login_pin" time="0.141" /><testcase classname="backend.tests.test_menu_notifications.TestCaisseLogin" name="test_server_login_pin" time="0.123" /><testcase classname="backend.tests.test_menu_notifications.TestCaisseLogin" name="test_admin_login" time="0.096" /></testsuite></testsuites>