<?xml version="1.0" encoding="utf-8"?><testsuites><testsuite name="pytest" errors="0" failures="0" skipped="0" tests="12" time="1.929" timestamp="2026-03-14T09:36:31.613618" hostname="agent-env-327b4c11-2ccf-4064-b921-fc63f4acd608"><testcase classname="backend.tests.test_mon_point_et_free_accomp.TestServerDailyReportAPI" name="test_server_daily_report_endpoint_exists" time="0.137" /><testcase classname="backend.tests.test_mon_point_et_free_accomp.TestServerDailyReportAPI" name="test_server_daily_report_structure" time="0.101" /><testcase classname="backend.tests.test_mon_point_et_free_accomp.TestServerDailyReportAPI" name="test_server_daily_report_with_date_param" time="0.105" /><testcase classname="backend.tests.test_mon_point_et_free_accomp.TestServerDailyReportAPI" name="test_server_daily_report_filters_by_created_by" time="0.222" /><testcase classname="backend.tests.test_mon_point_et_free_accomp.TestServerEndOfServiceAPI" name="test_create_end_of_service_report" time="0.106" /><testcase classname="backend.tests.test_mon_point_et_free_accomp.TestServerEndOfServiceAPI" name="test_end_of_service_calculates_stats_from_created_by" time="0.328" /><testcase classname="backend.tests.test_mon_point_et_free_accomp.TestExpensesRevisionStatus" name="test_create_expense_default_status" time="0.105" /><testcase classname="backend.tests.test_mon_point_et_free_accomp.TestExpensesRevisionStatus" name="test_get_expenses_list" time="0.101" /><testcase classname="backend.tests.test_mon_point_et_free_accomp.TestExpensesRevisionStatus" name="test_update_expense_to_revision_requested" time="0.318" /><testcase classname="backend.tests.test_mon_point_et_free_accomp.TestExpensesRevisionStatus" name="test_count_revision_requested_expenses" time="0.128" /><testcase classname="backend.tests.test_mon_point_et_free_accomp.TestCaisseLogin" name="test_server_login_with_pin" time="0.101" /><testcase classname="backend.tests.test_mon_point_et_free_accomp.TestCaisseLogin" name="test_manager_login_with_pin" time="0.105" /></testsuite></testsuites>