<?xml version="1.0" encoding="utf-8"?><testsuites><testsuite name="pytest" errors="0" failures="2" skipped="0" tests="14" time="10.308" timestamp="2026-04-22T18:15:03.396785" hostname="agent-env-cbdcd10d-e43c-496e-baa0-5a7b611c7625"><testcase classname="backend.tests.test_notifications.TestNotificationsCountsAdmin" name="test_admin_counts_returns_all_keys" time="0.307" /><testcase classname="backend.tests.test_notifications.TestNotificationsCountsAdmin" name="test_admin_counts_values_are_integers" time="0.189" /><testcase classname="backend.tests.test_notifications.TestNotificationsCountsManager" name="test_manager_counts_returns_expected_keys" time="0.169" /><testcase classname="backend.tests.test_notifications.TestNotificationsCountsManager" name="test_manager_expenses_counts_revision_requested_only" time="0.112" /><testcase classname="backend.tests.test_notifications.TestNotificationsCountsManager" name="test_manager_purchase_orders_counts_sent_only" time="0.119" /><testcase classname="backend.tests.test_notifications.TestNotificationsCountsServer" name="test_server_counts_returns_notes_only" time="0.118" /><testcase classname="backend.tests.test_notifications.TestNotificationsCountsIntegration" name="test_needs_count_increments_on_create" time="4.804"><failure message="AssertionError: Failed to create need: {&quot;success&quot;:true,&quot;need&quot;:{&quot;id&quot;:&quot;76dd9e09-850d-4b36-9a58-325455da681e&quot;,&quot;location&quot;:&quot;autres&quot;,&quot;description&quot;:&quot;TEST_NOTIF_Need for testing&quot;,&quot;items&quot;:[],&quot;quantity&quot;:1.0,&quot;unit_price&quot;:0,&quot;amount&quot;:0,&quot;supplier&quot;:null,&quot;urgency&quot;:&quot;normale&quot;,&quot;notes&quot;:&quot;&quot;,&quot;requested_by&quot;:&quot;Test User&quot;,&quot;status&quot;:&quot;en_attente&quot;,&quot;created_at&quot;:&quot;2026-04-22T18:15:04.730708+00:00&quot;}}&#10;assert 200 == 201&#10; +  where 200 = &lt;Response [200]&gt;.status_code">backend/tests/test_notifications.py:155: in test_needs_count_increments_on_create
    assert create_response.status_code == 201, f"Failed to create need: {create_response.text}"
E   AssertionError: Failed to create need: {"success":true,"need":{"id":"76dd9e09-850d-4b36-9a58-325455da681e","location":"autres","description":"TEST_NOTIF_Need for testing","items":[],"quantity":1.0,"unit_price":0,"amount":0,"supplier":null,"urgency":"normale","notes":"","requested_by":"Test User","status":"en_attente","created_at":"2026-04-22T18:15:04.730708+00:00"}}
E   assert 200 == 201
E    +  where 200 = &lt;Response [200]&gt;.status_code</failure></testcase><testcase classname="backend.tests.test_notifications.TestNotificationsCountsIntegration" name="test_needs_count_decrements_on_delete" time="3.537"><failure message="assert 200 == 201&#10; +  where 200 = &lt;Response [200]&gt;.status_code">backend/tests/test_notifications.py:179: in test_needs_count_decrements_on_delete
    assert create_response.status_code == 201
E   assert 200 == 201
E    +  where 200 = &lt;Response [200]&gt;.status_code</failure></testcase><testcase classname="backend.tests.test_notifications.TestNotificationsCountsEdgeCases" name="test_default_role_is_admin" time="0.133" /><testcase classname="backend.tests.test_notifications.TestNotificationsCountsEdgeCases" name="test_unknown_role_returns_server_counts" time="0.133" /><testcase classname="backend.tests.test_notifications.TestNotificationsCountsEdgeCases" name="test_user_param_accepted" time="0.174" /><testcase classname="backend.tests.test_notifications.TestAdminSpecificCounts" name="test_expenses_counts_pending_and_revision" time="0.131" /><testcase classname="backend.tests.test_notifications.TestAdminSpecificCounts" name="test_financial_points_counts_signed_not_validated" time="0.127" /><testcase classname="backend.tests.test_notifications.TestAdminSpecificCounts" name="test_tips_today_counts_only_today" time="0.151" /></testsuite></testsuites>