<?xml version="1.0" encoding="utf-8"?><testsuites><testsuite name="pytest" errors="0" failures="0" skipped="0" tests="4" time="1.235" timestamp="2026-06-26T18:54:51.283153" hostname="agent-env-cbdcd10d-e43c-496e-baa0-5a7b611c7625"><testcase classname="backend.tests.test_pending_product_edit_iter118.TestPendingProductEdit" name="test_create_pending_appears_in_pending_list" time="0.363" /><testcase classname="backend.tests.test_pending_product_edit_iter118.TestPendingProductEdit" name="test_put_updates_fields_without_changing_status" time="0.143" /><testcase classname="backend.tests.test_pending_product_edit_iter118.TestPendingProductEdit" name="test_approve_changes_status_and_removes_from_pending" time="0.201" /><testcase classname="backend.tests.test_pending_product_edit_iter118.TestPendingProductEdit" name="test_put_then_approve_chain" time="0.499" /></testsuite></testsuites>