<?xml version="1.0" encoding="utf-8"?><testsuites><testsuite name="pytest" errors="0" failures="0" skipped="0" tests="8" time="4.915" timestamp="2026-05-31T16:45:34.966551" hostname="agent-env-cbdcd10d-e43c-496e-baa0-5a7b611c7625"><testcase classname="backend.tests.test_pending_destock_iter97.TestPendingDestockQuantity" name="test_scenario1_sell_with_zero_stock_creates_pending" time="1.080" /><testcase classname="backend.tests.test_pending_destock_iter97.TestPendingDestockQuantity" name="test_scenario2_adjustment_applies_pending_backlog" time="0.671" /><testcase classname="backend.tests.test_pending_destock_iter97.TestPendingDestockQuantity" name="test_scenario3_no_pending_simple_adjustment" time="0.490" /><testcase classname="backend.tests.test_pending_destock_iter97.TestPendingDestockQuantity" name="test_scenario4_adjustment_less_than_pending" time="0.747" /><testcase classname="backend.tests.test_pending_destock_iter97.TestPendingDestockQuantity" name="test_scenario5_no_quantity_change_no_compensation" time="0.738" /><testcase classname="backend.tests.test_pending_destock_iter97.TestPendingDestockQuantity" name="test_scenario6_recipe_ingredient_pending" time="0.625" /><testcase classname="backend.tests.test_pending_destock_iter97.TestNonRegression" name="test_bon_number_generation_with_table_number" time="0.175" /><testcase classname="backend.tests.test_pending_destock_iter97.TestNonRegression" name="test_validated_only_filter" time="0.345" /></testsuite></testsuites>