<?xml version="1.0" encoding="utf-8"?><testsuites><testsuite name="pytest" errors="0" failures="0" skipped="0" tests="15" time="2.210" timestamp="2026-04-17T19:59:53.250313" hostname="agent-env-cbdcd10d-e43c-496e-baa0-5a7b611c7625"><testcase classname="tests.test_phase3_refactoring.TestBackendRegression" name="test_monthly_stats_endpoint" time="0.292" /><testcase classname="tests.test_phase3_refactoring.TestBackendRegression" name="test_daily_stats_endpoint" time="0.146" /><testcase classname="tests.test_phase3_refactoring.TestBackendRegression" name="test_analytics_dashboard_endpoint" time="0.107" /><testcase classname="tests.test_phase3_refactoring.TestBackendRegression" name="test_revenue_by_payment_endpoint" time="0.107" /><testcase classname="tests.test_phase3_refactoring.TestBackendRegression" name="test_invoices_list_endpoint" time="0.177" /><testcase classname="tests.test_phase3_refactoring.TestBackendRegression" name="test_cancellation_requests_endpoint" time="0.148" /><testcase classname="tests.test_phase3_refactoring.TestBackendRegression" name="test_modification_requests_endpoint" time="0.105" /><testcase classname="tests.test_phase3_refactoring.TestBackendRegression" name="test_admin_login" time="0.152" /><testcase classname="tests.test_phase3_refactoring.TestBackendRegression" name="test_manager_login_with_pin" time="0.111" /><testcase classname="tests.test_phase3_refactoring.TestBackendRegression" name="test_invalid_pin_login" time="0.160" /><testcase classname="tests.test_phase3_refactoring.TestBackendRegression" name="test_users_list_endpoint" time="0.126" /><testcase classname="tests.test_phase3_refactoring.TestBackendRegression" name="test_products_list_endpoint" time="0.140" /><testcase classname="tests.test_phase3_refactoring.TestBackendRegression" name="test_clients_list_endpoint" time="0.139" /><testcase classname="tests.test_phase3_refactoring.TestRouteCollisionRegression" name="test_stats_route_not_confused_with_invoice_id" time="0.107" /><testcase classname="tests.test_phase3_refactoring.TestRouteCollisionRegression" name="test_monthly_stats_route_works" time="0.117" /></testsuite></testsuites>