<?xml version="1.0" encoding="utf-8"?><testsuites><testsuite name="pytest" errors="0" failures="0" skipped="0" tests="9" time="1.575" timestamp="2026-05-01T21:38:00.804401" hostname="agent-env-cbdcd10d-e43c-496e-baa0-5a7b611c7625"><testcase classname="backend.tests.test_product_sales_stats.TestProductSalesStats" name="test_endpoint_returns_200_without_filters" time="0.276" /><testcase classname="backend.tests.test_product_sales_stats.TestProductSalesStats" name="test_endpoint_with_date_filter" time="0.115" /><testcase classname="backend.tests.test_product_sales_stats.TestProductSalesStats" name="test_endpoint_with_department_filter" time="0.106" /><testcase classname="backend.tests.test_product_sales_stats.TestProductSalesStats" name="test_endpoint_with_validated_only_false" time="0.317" /><testcase classname="backend.tests.test_product_sales_stats.TestProductSalesStats" name="test_product_structure" time="0.109" /><testcase classname="backend.tests.test_product_sales_stats.TestProductSalesStats" name="test_revenue_share_pct_sum" time="0.115" /><testcase classname="backend.tests.test_product_sales_stats.TestProductSalesStats" name="test_by_department_breakdown" time="0.116" /><testcase classname="backend.tests.test_product_sales_stats.TestProductSalesStats" name="test_products_sorted_by_revenue_desc" time="0.116" /><testcase classname="backend.tests.test_product_sales_stats.TestProductSalesStats" name="test_endpoint_route_not_conflicting_with_invoice_id" time="0.242" /></testsuite></testsuites>