<?xml version="1.0" encoding="utf-8"?><testsuites><testsuite name="pytest" errors="0" failures="0" skipped="0" tests="5" time="1.251" timestamp="2026-06-26T18:43:37.001320" hostname="agent-env-cbdcd10d-e43c-496e-baa0-5a7b611c7625"><testcase classname="backend.tests.test_promo_pack_iter117" name="test_get_promo_vacances_returns_is_customized_false_default" time="0.404" /><testcase classname="backend.tests.test_promo_pack_iter117" name="test_put_partial_does_not_overwrite_other_fields" time="0.138" /><testcase classname="backend.tests.test_promo_pack_iter117" name="test_delete_resets_to_defaults" time="0.178" /><testcase classname="backend.tests.test_promo_pack_iter117" name="test_put_unknown_pack_returns_404" time="0.047" /><testcase classname="backend.tests.test_promo_pack_iter117" name="test_put_all_fields_then_reset" time="0.452" /></testsuite></testsuites>