<?xml version="1.0" encoding="utf-8"?><testsuites><testsuite name="pytest" errors="0" failures="0" skipped="0" tests="17" time="6.697" timestamp="2026-05-31T13:55:49.642407" hostname="agent-env-cbdcd10d-e43c-496e-baa0-5a7b611c7625"><testcase classname="backend.tests.test_public_ticket_reviews_iter96.TestPublicTicketEndpoints" name="test_get_validated_ticket_success" time="0.431" /><testcase classname="backend.tests.test_public_ticket_reviews_iter96.TestPublicTicketEndpoints" name="test_get_nonexistent_ticket_404" time="0.278" /><testcase classname="backend.tests.test_public_ticket_reviews_iter96.TestPublicTicketPendingAccess" name="test_get_pending_ticket_returns_404" time="0.202" /><testcase classname="backend.tests.test_public_ticket_reviews_iter96.TestReviewSubmission" name="test_submit_review_success" time="0.225" /><testcase classname="backend.tests.test_public_ticket_reviews_iter96.TestReviewSubmission" name="test_submit_duplicate_review_409" time="0.264" /><testcase classname="backend.tests.test_public_ticket_reviews_iter96.TestReviewSubmission" name="test_submit_review_invalid_rating_0" time="0.207" /><testcase classname="backend.tests.test_public_ticket_reviews_iter96.TestReviewSubmission" name="test_submit_review_invalid_rating_6" time="0.205" /><testcase classname="backend.tests.test_public_ticket_reviews_iter96.TestReviewSubmission" name="test_submit_review_nonexistent_ticket_404" time="0.225" /><testcase classname="backend.tests.test_public_ticket_reviews_iter96.TestReviewOnPendingTicket" name="test_submit_review_on_pending_ticket_400" time="0.205" /><testcase classname="backend.tests.test_public_ticket_reviews_iter96.TestReviewsListEndpoint" name="test_get_reviews_list" time="0.998" /><testcase classname="backend.tests.test_public_ticket_reviews_iter96.TestReviewsListEndpoint" name="test_get_reviews_only_unread_filter" time="0.913" /><testcase classname="backend.tests.test_public_ticket_reviews_iter96.TestReviewsListEndpoint" name="test_get_reviews_min_rating_filter" time="0.946" /><testcase classname="backend.tests.test_public_ticket_reviews_iter96.TestMarkReviewRead" name="test_mark_review_as_read" time="0.357" /><testcase classname="backend.tests.test_public_ticket_reviews_iter96.TestMarkReviewRead" name="test_mark_nonexistent_review_404" time="0.279" /><testcase classname="backend.tests.test_public_ticket_reviews_iter96.TestNonRegressionLot1" name="test_invoice_with_table_number_generates_bon_number" time="0.166" /><testcase classname="backend.tests.test_public_ticket_reviews_iter96.TestNonRegressionLot1" name="test_validated_only_filter" time="0.408" /><testcase classname="backend.tests.test_public_ticket_reviews_iter96.TestReviewSubmittedFlag" name="test_review_submitted_flag_updates" time="0.329" /></testsuite></testsuites>