<?xml version="1.0" encoding="utf-8"?><testsuites><testsuite name="pytest" errors="0" failures="0" skipped="0" tests="17" time="6.534" timestamp="2026-06-23T23:40:27.719162" hostname="agent-env-cbdcd10d-e43c-496e-baa0-5a7b611c7625"><testcase classname="backend.tests.test_offline_phase3_iter98.TestPreallocate" name="test_preallocate_basic" time="0.331" /><testcase classname="backend.tests.test_offline_phase3_iter98.TestPreallocate" name="test_preallocate_increments_atomically" time="0.269" /><testcase classname="backend.tests.test_offline_phase3_iter98.TestPreallocate" name="test_preallocate_count_limits" time="0.220" /><testcase classname="backend.tests.test_offline_phase3_iter98.TestStatusAndRelease" name="test_status_filtered_by_user" time="0.282" /><testcase classname="backend.tests.test_offline_phase3_iter98.TestStatusAndRelease" name="test_release_unused_numbers" time="0.352" /><testcase classname="backend.tests.test_offline_phase3_iter98.TestSyncCreateInvoiceWithPrealloc" name="test_create_invoice_uses_preallocated_number" time="0.520" /><testcase classname="backend.tests.test_offline_phase3_iter98.TestSyncCreateInvoiceWithPrealloc" name="test_create_invoice_idempotent_duplicate" time="0.099" /><testcase classname="backend.tests.test_offline_phase3_iter98.TestSyncCreateInvoiceWithPrealloc" name="test_create_invoice_unknown_prealloc_falls_back_to_sequential" time="0.324" /><testcase classname="backend.tests.test_offline_phase3_iter98.TestValidateInvoice" name="test_validate_existing_invoice" time="0.313" /><testcase classname="backend.tests.test_offline_phase3_iter98.TestValidateInvoice" name="test_validate_idempotent_already_validated" time="0.098" /><testcase classname="backend.tests.test_offline_phase3_iter98.TestValidateInvoice" name="test_validate_unknown_invoice_conflict" time="0.108" /><testcase classname="backend.tests.test_offline_phase3_iter98.TestValidateInvoice" name="test_validate_missing_id_error" time="0.161" /><testcase classname="backend.tests.test_offline_phase3_iter98.TestCreateFinancialPoint" name="test_create_point_ok" time="0.107" /><testcase classname="backend.tests.test_offline_phase3_iter98.TestCreateFinancialPoint" name="test_create_point_duplicate_period_conflict" time="0.146" /><testcase classname="backend.tests.test_offline_phase3_iter98.TestCreateFinancialPoint" name="test_create_point_missing_date_error" time="0.158" /><testcase classname="backend.tests.test_offline_phase3_iter98.TestIdempotence" name="test_same_client_id_returns_duplicate" time="0.446" /><testcase classname="backend.tests.test_offline_phase3_iter98.TestCreateTableRegression" name="test_create_table_still_works" time="2.578" /></testsuite></testsuites>