<?xml version="1.0" encoding="utf-8"?><testsuites><testsuite name="pytest" errors="0" failures="0" skipped="0" tests="11" time="6.255" timestamp="2026-04-16T15:43:24.978112" hostname="agent-env-cbdcd10d-e43c-496e-baa0-5a7b611c7625"><testcase classname="backend.tests.test_recipes.TestRecipeCRUD" name="test_get_recipes_list" time="0.152" /><testcase classname="backend.tests.test_recipes.TestRecipeCRUD" name="test_recipes_have_calculated_fields" time="0.112" /><testcase classname="backend.tests.test_recipes.TestRecipeCRUD" name="test_seed_demo_recipes" time="0.111" /><testcase classname="backend.tests.test_recipes.TestRecipeCRUD" name="test_create_recipe" time="0.242" /><testcase classname="backend.tests.test_recipes.TestRecipeCRUD" name="test_update_recipe" time="0.525" /><testcase classname="backend.tests.test_recipes.TestRecipeCRUD" name="test_delete_recipe" time="0.500" /><testcase classname="backend.tests.test_recipes.TestPouletBraiseRecipe" name="test_poulet_braise_exists" time="0.121" /><testcase classname="backend.tests.test_recipes.TestPouletBraiseRecipe" name="test_poulet_braise_cost_calculation" time="0.125" /><testcase classname="backend.tests.test_recipes.TestRecipeDeductionOnInvoice" name="test_recipe_deduction_flow" time="3.099" /><testcase classname="backend.tests.test_recipes.TestFallbackBehavior" name="test_no_recipe_fallback" time="0.862" /><testcase classname="backend.tests.test_recipes.TestStockAuth" name="test_stock_login_admin" time="0.350" /></testsuite></testsuites>