<?xml version="1.0" encoding="utf-8"?><testsuites><testsuite name="pytest" errors="0" failures="0" skipped="0" tests="14" time="2.129" timestamp="2026-04-17T19:48:02.816598" hostname="agent-env-cbdcd10d-e43c-496e-baa0-5a7b611c7625"><testcase classname="backend.tests.test_refactoring_regression.TestRouteCollisionFix" name="test_invoices_stats_returns_stats_not_404" time="0.254" /><testcase classname="backend.tests.test_refactoring_regression.TestRouteCollisionFix" name="test_invoices_stats_monthly_returns_stats" time="0.139" /><testcase classname="backend.tests.test_refactoring_regression.TestRouteCollisionFix" name="test_invoices_by_id_still_works_valid_id" time="0.240" /><testcase classname="backend.tests.test_refactoring_regression.TestRouteCollisionFix" name="test_invoices_by_id_returns_404_for_invalid_id" time="0.108" /><testcase classname="backend.tests.test_refactoring_regression.TestReportsRouter" name="test_analytics_dashboard" time="0.117" /><testcase classname="backend.tests.test_refactoring_regression.TestReportsRouter" name="test_revenue_by_payment" time="0.111" /><testcase classname="backend.tests.test_refactoring_regression.TestCaisseUsersRouter" name="test_get_caisse_users" time="0.126" /><testcase classname="backend.tests.test_refactoring_regression.TestCaisseUsersRouter" name="test_caisse_login_admin_password" time="0.111" /><testcase classname="backend.tests.test_refactoring_regression.TestCaisseUsersRouter" name="test_caisse_login_gerante_pin" time="0.128" /><testcase classname="backend.tests.test_refactoring_regression.TestCaisseUsersRouter" name="test_caisse_login_invalid_credentials" time="0.176" /><testcase classname="backend.tests.test_refactoring_regression.TestOtherRoutersRegression" name="test_financial_points_endpoint" time="0.133" /><testcase classname="backend.tests.test_refactoring_regression.TestOtherRoutersRegression" name="test_stock_products_endpoint" time="0.151" /><testcase classname="backend.tests.test_refactoring_regression.TestOtherRoutersRegression" name="test_subscriptions_endpoint" time="0.139" /><testcase classname="backend.tests.test_refactoring_regression.TestOtherRoutersRegression" name="test_invoices_list_endpoint" time="0.124" /></testsuite></testsuites>