<?xml version="1.0" encoding="utf-8"?><testsuites><testsuite name="pytest" errors="0" failures="0" skipped="0" tests="14" time="4.231" timestamp="2026-05-29T16:17:05.015555" hostname="agent-env-cbdcd10d-e43c-496e-baa0-5a7b611c7625"><testcase classname="backend.tests.test_regularization_iter87.TestRegularizationCreateInvoice" name="test_create_invoice_rejects_server_role" time="0.479" /><testcase classname="backend.tests.test_regularization_iter87.TestRegularizationCreateInvoice" name="test_create_invoice_rejects_future_date" time="0.152" /><testcase classname="backend.tests.test_regularization_iter87.TestRegularizationCreateInvoice" name="test_create_invoice_rejects_date_too_old" time="0.120" /><testcase classname="backend.tests.test_regularization_iter87.TestRegularizationCreateInvoice" name="test_create_invoice_rejects_short_reason" time="0.129" /><testcase classname="backend.tests.test_regularization_iter87.TestRegularizationCreateInvoice" name="test_create_invoice_success_admin" time="0.123" /><testcase classname="backend.tests.test_regularization_iter87.TestRegularizationCreateInvoice" name="test_create_invoice_success_manager" time="0.105" /><testcase classname="backend.tests.test_regularization_iter87.TestRegularizationCreateInvoice" name="test_create_invoice_impute_ca_to_today" time="0.447" /><testcase classname="backend.tests.test_regularization_iter87.TestRegularizationUpdateDate" name="test_update_date_rejects_manager_role" time="0.260" /><testcase classname="backend.tests.test_regularization_iter87.TestRegularizationUpdateDate" name="test_update_date_success_admin" time="0.218" /><testcase classname="backend.tests.test_regularization_iter87.TestRegularizationList" name="test_list_returns_regularized_invoices" time="0.215" /><testcase classname="backend.tests.test_regularization_iter87.TestAuditRegularizations" name="test_audit_includes_regularizations_check" time="0.246" /><testcase classname="backend.tests.test_regularization_iter87.TestAuditRegularizations" name="test_audit_critical_severity_for_more_than_3_per_day" time="1.229" /><testcase classname="backend.tests.test_regularization_iter87.TestPostClosureRegularization" name="test_closed_day_requires_confirmation" time="0.234" /><testcase classname="backend.tests.test_regularization_iter87.TestMonthlyStatsRegularization" name="test_monthly_stats_uses_regularization_ca_date" time="0.230" /></testsuite></testsuites>