<?xml version="1.0" encoding="utf-8"?><testsuites><testsuite name="pytest" errors="0" failures="0" skipped="0" tests="10" time="2.765" timestamp="2026-04-14T01:58:03.219660" hostname="agent-env-cbdcd10d-e43c-496e-baa0-5a7b611c7625"><testcase classname="backend.tests.test_reversement_improvements.TestMomoNumberField" name="test_create_financial_point_with_momo_number" time="0.272" /><testcase classname="backend.tests.test_reversement_improvements.TestMomoNumberField" name="test_momo_number_empty_when_not_provided" time="0.161" /><testcase classname="backend.tests.test_reversement_improvements.TestDestinationField" name="test_create_financial_point_with_destination_admin" time="0.146" /><testcase classname="backend.tests.test_reversement_improvements.TestDestinationField" name="test_create_financial_point_with_destination_banque" time="0.148" /><testcase classname="backend.tests.test_reversement_improvements.TestBillettageImproved" name="test_billettage_with_billets_and_pieces" time="0.181" /><testcase classname="backend.tests.test_reversement_improvements.TestPDFGeneration" name="test_pdf_has_point_du_reversement_header" time="0.389" /><testcase classname="backend.tests.test_reversement_improvements.TestPDFGeneration" name="test_pdf_includes_destination_badge" time="0.340" /><testcase classname="backend.tests.test_reversement_improvements.TestPDFGeneration" name="test_pdf_includes_momo_number" time="0.315" /><testcase classname="backend.tests.test_reversement_improvements.TestPDFGeneration" name="test_pdf_includes_billettage_table" time="0.368" /><testcase classname="backend.tests.test_reversement_improvements.TestFullWorkflow" name="test_complete_workflow_with_all_improvements" time="0.362" /></testsuite></testsuites>