<?xml version="1.0" encoding="utf-8"?><testsuites><testsuite name="pytest" errors="0" failures="0" skipped="0" tests="12" time="2.482" timestamp="2026-04-17T19:05:26.202002" hostname="agent-env-cbdcd10d-e43c-496e-baa0-5a7b611c7625"><testcase classname="backend.tests.test_revenue_by_payment.TestRevenueByPaymentEndpoint" name="test_revenue_by_payment_returns_200" time="0.145" /><testcase classname="backend.tests.test_revenue_by_payment.TestRevenueByPaymentEndpoint" name="test_revenue_by_payment_with_week_start" time="0.116" /><testcase classname="backend.tests.test_revenue_by_payment.TestRevenueByPaymentEndpoint" name="test_revenue_by_payment_with_date" time="0.119" /><testcase classname="backend.tests.test_revenue_by_payment.TestRevenueByPaymentEndpoint" name="test_payment_method_normalization" time="0.103" /><testcase classname="backend.tests.test_revenue_by_payment.TestWeeklyReportEndpoint" name="test_weekly_report_returns_200" time="0.117" /><testcase classname="backend.tests.test_revenue_by_payment.TestWeeklyReportEndpoint" name="test_weekly_report_with_week_start" time="0.114" /><testcase classname="backend.tests.test_revenue_by_payment.TestRevenueConsistency" name="test_weekly_totals_match" time="0.231" /><testcase classname="backend.tests.test_revenue_by_payment.TestRevenueConsistency" name="test_previous_week_totals_match" time="0.258" /><testcase classname="backend.tests.test_revenue_by_payment.TestAssignedWeekBehavior" name="test_assign_week_endpoint_exists" time="0.118" /><testcase classname="backend.tests.test_revenue_by_payment.TestAssignedWeekBehavior" name="test_unassign_week_bulk_endpoint_exists" time="0.116" /><testcase classname="backend.tests.test_revenue_by_payment.TestAssignedWeekBehavior" name="test_assign_and_verify_exclusion" time="0.868" /><testcase classname="backend.tests.test_revenue_by_payment.TestDailyModeConsistency" name="test_daily_revenue_by_payment" time="0.105" /></testsuite></testsuites>