<?xml version="1.0" encoding="utf-8"?><testsuites><testsuite name="pytest" errors="0" failures="0" skipped="0" tests="10" time="3.241" timestamp="2026-04-14T01:22:27.217685" hostname="agent-env-cbdcd10d-e43c-496e-baa0-5a7b611c7625"><testcase classname="backend.tests.test_reversement_recettes.TestReversementRecettesAPI" name="test_revenue_by_payment_endpoint_exists" time="0.147" /><testcase classname="backend.tests.test_reversement_recettes.TestReversementRecettesAPI" name="test_revenue_by_payment_with_week_start" time="0.132" /><testcase classname="backend.tests.test_reversement_recettes.TestReversementRecettesAPI" name="test_revenue_by_payment_with_date" time="0.124" /><testcase classname="backend.tests.test_reversement_recettes.TestReversementRecettesAPI" name="test_create_financial_point_only_4_fields" time="0.222" /><testcase classname="backend.tests.test_reversement_recettes.TestReversementRecettesAPI" name="test_sign_first_without_admin_validation" time="0.376" /><testcase classname="backend.tests.test_reversement_recettes.TestReversementRecettesAPI" name="test_admin_validate_requires_signature" time="0.339" /><testcase classname="backend.tests.test_reversement_recettes.TestReversementRecettesAPI" name="test_full_reversed_workflow" time="0.485" /><testcase classname="backend.tests.test_reversement_recettes.TestReversementRecettesAPI" name="test_unlock_signed_point" time="0.544" /><testcase classname="backend.tests.test_reversement_recettes.TestReversementRecettesAPI" name="test_pdf_shows_reversement_title" time="0.440" /><testcase classname="backend.tests.test_reversement_recettes.TestManagerPermissions" name="test_manager_can_create_and_sign" time="0.380" /></testsuite></testsuites>