<?xml version="1.0" encoding="utf-8"?><testsuites><testsuite name="pytest" errors="0" failures="0" skipped="0" tests="20" time="5.822" timestamp="2026-04-26T15:13:02.553572" hostname="agent-env-cbdcd10d-e43c-496e-baa0-5a7b611c7625"><testcase classname="backend.tests.test_schedule_edit_markpaid_iter69.TestScheduleEditMarkPaidDelete" name="test_update_schedule_entry_label" time="0.476" /><testcase classname="backend.tests.test_schedule_edit_markpaid_iter69.TestScheduleEditMarkPaidDelete" name="test_update_schedule_entry_due_date" time="0.269" /><testcase classname="backend.tests.test_schedule_edit_markpaid_iter69.TestScheduleEditMarkPaidDelete" name="test_update_schedule_entry_expected_amount" time="0.287" /><testcase classname="backend.tests.test_schedule_edit_markpaid_iter69.TestScheduleEditMarkPaidDelete" name="test_update_schedule_entry_all_fields" time="0.265" /><testcase classname="backend.tests.test_schedule_edit_markpaid_iter69.TestScheduleEditMarkPaidDelete" name="test_update_schedule_entry_not_found" time="0.216" /><testcase classname="backend.tests.test_schedule_edit_markpaid_iter69.TestScheduleEditMarkPaidDelete" name="test_update_schedule_account_not_found" time="0.273" /><testcase classname="backend.tests.test_schedule_edit_markpaid_iter69.TestScheduleEditMarkPaidDelete" name="test_mark_schedule_as_paid_creates_repayment" time="0.304" /><testcase classname="backend.tests.test_schedule_edit_markpaid_iter69.TestScheduleEditMarkPaidDelete" name="test_mark_schedule_as_paid_idempotent" time="0.320" /><testcase classname="backend.tests.test_schedule_edit_markpaid_iter69.TestScheduleEditMarkPaidDelete" name="test_mark_schedule_as_paid_with_amount_override" time="0.253" /><testcase classname="backend.tests.test_schedule_edit_markpaid_iter69.TestScheduleEditMarkPaidDelete" name="test_mark_schedule_as_paid_not_found" time="0.318" /><testcase classname="backend.tests.test_schedule_edit_markpaid_iter69.TestScheduleEditMarkPaidDelete" name="test_delete_schedule_entry" time="0.386" /><testcase classname="backend.tests.test_schedule_edit_markpaid_iter69.TestScheduleEditMarkPaidDelete" name="test_delete_schedule_entry_not_found" time="0.220" /><testcase classname="backend.tests.test_schedule_edit_markpaid_iter69.TestScheduleEditMarkPaidDelete" name="test_delete_schedule_account_not_found" time="0.204" /><testcase classname="backend.tests.test_schedule_edit_markpaid_iter69.TestScheduleEditMarkPaidDelete" name="test_enrich_paid_via_schedule_id" time="0.397" /><testcase classname="backend.tests.test_schedule_edit_markpaid_iter69.TestScheduleEditMarkPaidDelete" name="test_enrich_paid_via_cumulative_logic" time="0.349" /><testcase classname="backend.tests.test_schedule_edit_markpaid_iter69.TestRegressionExistingFeatures" name="test_create_account_with_schedule" time="0.193" /><testcase classname="backend.tests.test_schedule_edit_markpaid_iter69.TestRegressionExistingFeatures" name="test_update_account_schedule_via_put" time="0.273" /><testcase classname="backend.tests.test_schedule_edit_markpaid_iter69.TestRegressionExistingFeatures" name="test_add_manual_repayment" time="0.312" /><testcase classname="backend.tests.test_schedule_edit_markpaid_iter69.TestRegressionExistingFeatures" name="test_delete_repayment" time="0.300" /><testcase classname="backend.tests.test_schedule_edit_markpaid_iter69.TestRegressionExistingFeatures" name="test_auto_deduction_endpoint" time="0.113" /></testsuite></testsuites>