<?xml version="1.0" encoding="utf-8"?><testsuites><testsuite name="pytest" errors="0" failures="0" skipped="0" tests="4" time="0.660" timestamp="2026-06-24T14:59:01.598364" hostname="agent-env-cbdcd10d-e43c-496e-baa0-5a7b611c7625"><testcase classname="backend.tests.test_site_notifications_iter107" name="test_site_notifications_has_delivery_orders_in_summary" time="0.332" /><testcase classname="backend.tests.test_site_notifications_iter107" name="test_create_delivery_order_appears_in_notifications" time="0.161" /><testcase classname="backend.tests.test_site_notifications_iter107" name="test_create_delivery_order_pickup_mode" time="0.045" /><testcase classname="backend.tests.test_site_notifications_iter107" name="test_mark_read_delivery_order" time="0.098" /></testsuite></testsuites>