<?xml version="1.0" encoding="utf-8"?><testsuites><testsuite name="pytest" errors="0" failures="0" skipped="0" tests="6" time="3.037" timestamp="2026-06-24T16:20:04.369750" hostname="agent-env-cbdcd10d-e43c-496e-baa0-5a7b611c7625"><testcase classname="backend.tests.test_site_notif_delete_iter109.TestSiteNotificationDelete" name="test_list_endpoint_alive" time="0.463" /><testcase classname="backend.tests.test_site_notif_delete_iter109.TestSiteNotificationDelete" name="test_delete_hides_item" time="1.690" /><testcase classname="backend.tests.test_site_notif_delete_iter109.TestSiteNotificationDelete" name="test_delete_is_idempotent" time="0.325" /><testcase classname="backend.tests.test_site_notif_delete_iter109.TestSiteNotificationDelete" name="test_restore_makes_it_visible_again" time="0.428" /><testcase classname="backend.tests.test_site_notif_delete_iter109.TestSiteNotificationDelete" name="test_mark_read_still_works_after_restore" time="0.056" /><testcase classname="backend.tests.test_site_notif_delete_iter109.TestSiteNotificationDelete" name="test_delete_validates_payload" time="0.049" /></testsuite></testsuites>