<?xml version="1.0" encoding="utf-8"?><testsuites><testsuite name="pytest" errors="0" failures="0" skipped="0" tests="6" time="1.696" timestamp="2026-06-24T12:19:10.898921" hostname="agent-env-cbdcd10d-e43c-496e-baa0-5a7b611c7625"><testcase classname="backend.tests.test_site_notifications_iter104.TestSiteNotificationsList" name="test_get_structure" time="0.293" /><testcase classname="backend.tests.test_site_notifications_iter104.TestSiteNotificationsList" name="test_no_mongo_objectid_leak" time="0.046" /><testcase classname="backend.tests.test_site_notifications_iter104.TestPromoNotificationFlow" name="test_create_promo_order_then_visible_as_unread" time="0.596" /><testcase classname="backend.tests.test_site_notifications_iter104.TestPromoNotificationFlow" name="test_mark_read" time="0.100" /><testcase classname="backend.tests.test_site_notifications_iter104.TestPromoNotificationFlow" name="test_mark_read_idempotent" time="0.084" /><testcase classname="backend.tests.test_site_notifications_iter104.TestMarkAllRead" name="test_create_second_order_and_mark_all" time="0.477" /></testsuite></testsuites>