<?xml version="1.0" encoding="utf-8"?><testsuites><testsuite name="pytest" errors="0" failures="0" skipped="0" tests="11" time="74.488" timestamp="2026-04-25T17:08:50.341490" hostname="agent-env-cbdcd10d-e43c-496e-baa0-5a7b611c7625"><testcase classname="backend.tests.test_smart_allocation_iter61.TestSmartAllocationEndpoint" name="test_topup_existing_insufficient_balance" time="3.907" /><testcase classname="backend.tests.test_smart_allocation_iter61.TestSmartAllocationEndpoint" name="test_topup_existing_sufficient_balance" time="3.852" /><testcase classname="backend.tests.test_smart_allocation_iter61.TestSmartAllocationEndpoint" name="test_create_new_account" time="3.751" /><testcase classname="backend.tests.test_smart_allocation_iter61.TestSmartAllocationEndpoint" name="test_allow_negative_overdraft" time="3.890" /><testcase classname="backend.tests.test_smart_allocation_iter61.TestSmartAllocationEndpoint" name="test_regression_old_allocate_endpoint" time="4.810" /><testcase classname="backend.tests.test_smart_allocation_iter61.TestSmartAllocationEndpoint" name="test_invalid_mode_rejected" time="3.473" /><testcase classname="backend.tests.test_smart_allocation_iter61.TestSmartAllocationEndpoint" name="test_missing_account_id_for_topup" time="3.433" /><testcase classname="backend.tests.test_smart_allocation_iter61.TestSmartAllocationEndpoint" name="test_expense_not_found" time="0.128" /><testcase classname="backend.tests.test_smart_allocation_iter61.TestSmartAllocationEndpoint" name="test_account_not_found" time="39.706" /><testcase classname="backend.tests.test_smart_allocation_iter61.TestTopUpLabelFormat" name="test_topup_label_contains_description" time="3.615" /><testcase classname="backend.tests.test_smart_allocation_iter61.TestCompletedExpenseAllocation" name="test_allocate_completed_expense" time="3.838" /></testsuite></testsuites>