<?xml version="1.0" encoding="utf-8"?><testsuites><testsuite name="pytest" errors="0" failures="0" skipped="0" tests="34" time="4.571" timestamp="2026-04-14T07:43:18.008580" hostname="agent-env-cbdcd10d-e43c-496e-baa0-5a7b611c7625"><testcase classname="backend.tests.test_stock.TestDashboard" name="test_dashboard_returns_200" time="0.247" /><testcase classname="backend.tests.test_stock.TestDashboard" name="test_dashboard_has_required_fields" time="0.048" /><testcase classname="backend.tests.test_stock.TestDashboard" name="test_dashboard_rupture_and_faible_are_lists" time="0.045" /><testcase classname="backend.tests.test_stock.TestDashboard" name="test_dashboard_stock_by_category_structure" time="0.047" /><testcase classname="backend.tests.test_stock.TestCategories" name="test_get_categories" time="0.043" /><testcase classname="backend.tests.test_stock.TestCategories" name="test_create_category" time="0.043" /><testcase classname="backend.tests.test_stock.TestCategories" name="test_update_category" time="0.135" /><testcase classname="backend.tests.test_stock.TestCategories" name="test_delete_category_without_products" time="0.124" /><testcase classname="backend.tests.test_stock.TestSuppliers" name="test_get_suppliers" time="0.046" /><testcase classname="backend.tests.test_stock.TestSuppliers" name="test_create_supplier" time="0.088" /><testcase classname="backend.tests.test_stock.TestSuppliers" name="test_update_supplier" time="0.131" /><testcase classname="backend.tests.test_stock.TestSuppliers" name="test_delete_supplier" time="0.084" /><testcase classname="backend.tests.test_stock.TestProducts" name="test_get_products" time="0.043" /><testcase classname="backend.tests.test_stock.TestProducts" name="test_get_products_with_search" time="0.043" /><testcase classname="backend.tests.test_stock.TestProducts" name="test_get_products_with_category_filter" time="0.085" /><testcase classname="backend.tests.test_stock.TestProducts" name="test_get_products_with_alert_filter_rupture" time="0.042" /><testcase classname="backend.tests.test_stock.TestProducts" name="test_get_products_with_alert_filter_faible" time="0.043" /><testcase classname="backend.tests.test_stock.TestProducts" name="test_create_product" time="0.168" /><testcase classname="backend.tests.test_stock.TestProducts" name="test_create_product_auto_generates_code" time="0.150" /><testcase classname="backend.tests.test_stock.TestProducts" name="test_update_product" time="0.289" /><testcase classname="backend.tests.test_stock.TestProducts" name="test_delete_product" time="0.170" /><testcase classname="backend.tests.test_stock.TestProducts" name="test_get_single_product" time="0.215" /><testcase classname="backend.tests.test_stock.TestProducts" name="test_get_nonexistent_product_returns_404" time="0.045" /><testcase classname="backend.tests.test_stock.TestMovements" name="test_get_movements" time="0.044" /><testcase classname="backend.tests.test_stock.TestMovements" name="test_create_movement_entree" time="0.194" /><testcase classname="backend.tests.test_stock.TestMovements" name="test_create_movement_sortie" time="0.257" /><testcase classname="backend.tests.test_stock.TestMovements" name="test_create_movement_sortie_insufficient_stock" time="0.255" /><testcase classname="backend.tests.test_stock.TestMovements" name="test_create_movement_ajustement" time="0.178" /><testcase classname="backend.tests.test_stock.TestMovements" name="test_create_movement_perte" time="0.257" /><testcase classname="backend.tests.test_stock.TestMovements" name="test_create_movement_nonexistent_product" time="0.083" /><testcase classname="backend.tests.test_stock.TestPurchases" name="test_get_purchases" time="0.044" /><testcase classname="backend.tests.test_stock.TestPurchases" name="test_create_purchase_updates_stock" time="0.226" /><testcase classname="backend.tests.test_stock.TestPurchases" name="test_create_purchase_creates_movement" time="0.293" /><testcase classname="backend.tests.test_stock.TestSeed" name="test_seed_returns_already_present_message" time="0.261" /></testsuite></testsuites>