<?xml version="1.0" encoding="utf-8"?><testsuites><testsuite name="pytest" errors="0" failures="0" skipped="0" tests="16" time="2.978" timestamp="2026-04-16T16:41:33.913833" hostname="agent-env-cbdcd10d-e43c-496e-baa0-5a7b611c7625"><testcase classname="backend.tests.test_stock_reports.TestStockReportsAPI" name="test_reports_basic" time="0.296" /><testcase classname="backend.tests.test_stock_reports.TestStockReportsAPI" name="test_reports_filter_type_entree" time="0.137" /><testcase classname="backend.tests.test_stock_reports.TestStockReportsAPI" name="test_reports_filter_type_sortie" time="0.111" /><testcase classname="backend.tests.test_stock_reports.TestStockReportsAPI" name="test_reports_filter_search_product" time="0.152" /><testcase classname="backend.tests.test_stock_reports.TestStockReportsAPI" name="test_reports_filter_date_from" time="0.111" /><testcase classname="backend.tests.test_stock_reports.TestStockReportsAPI" name="test_reports_by_type_aggregation" time="0.180" /><testcase classname="backend.tests.test_stock_reports.TestStockReportsAPI" name="test_reports_top_products" time="0.156" /><testcase classname="backend.tests.test_stock_reports.TestStockReportsExportPDF" name="test_export_pdf_basic" time="0.216" /><testcase classname="backend.tests.test_stock_reports.TestStockReportsExportPDF" name="test_export_pdf_with_type_filter" time="0.172" /><testcase classname="backend.tests.test_stock_reports.TestStockReportsExportPDF" name="test_export_pdf_with_date_filter" time="0.139" /><testcase classname="backend.tests.test_stock_reports.TestStockReportsExportPDF" name="test_export_pdf_with_search_filter" time="0.120" /><testcase classname="backend.tests.test_stock_reports.TestStockReportsExportExcel" name="test_export_excel_basic" time="0.340" /><testcase classname="backend.tests.test_stock_reports.TestStockReportsExportExcel" name="test_export_excel_with_type_filter" time="0.154" /><testcase classname="backend.tests.test_stock_reports.TestStockReportsExportExcel" name="test_export_excel_with_date_filter" time="0.151" /><testcase classname="backend.tests.test_stock_reports.TestStockReportsExportExcel" name="test_export_excel_with_search_filter" time="0.123" /><testcase classname="backend.tests.test_stock_reports.TestStockAuth" name="test_login_admin" time="0.340" /></testsuite></testsuites>