<?xml version="1.0" encoding="utf-8"?><testsuites><testsuite name="pytest" errors="0" failures="0" skipped="0" tests="11" time="3.970" timestamp="2026-04-25T21:12:31.257772" hostname="agent-env-cbdcd10d-e43c-496e-baa0-5a7b611c7625"><testcase classname="backend.tests.test_stock_link_iter66.TestAutoLinkToStock" name="test_auto_link_dry_run" time="0.767" /><testcase classname="backend.tests.test_stock_link_iter66.TestAutoLinkToStock" name="test_auto_link_with_lower_threshold" time="0.721" /><testcase classname="backend.tests.test_stock_link_iter66.TestAutoLinkToStock" name="test_auto_link_linked_items_structure" time="0.726" /><testcase classname="backend.tests.test_stock_link_iter66.TestStockSuggestions" name="test_suggestions_for_poulet" time="0.128" /><testcase classname="backend.tests.test_stock_link_iter66.TestStockSuggestions" name="test_suggestions_for_riz" time="0.115" /><testcase classname="backend.tests.test_stock_link_iter66.TestStockSuggestions" name="test_suggestions_short_query" time="0.108" /><testcase classname="backend.tests.test_stock_link_iter66.TestStockSuggestions" name="test_suggestions_empty_query" time="0.108" /><testcase classname="backend.tests.test_stock_link_iter66.TestStockSuggestions" name="test_suggestions_limit_parameter" time="0.106" /><testcase classname="backend.tests.test_stock_link_iter66.TestCaisseProductsCRUD" name="test_get_caisse_products" time="0.120" /><testcase classname="backend.tests.test_stock_link_iter66.TestCaisseProductsCRUD" name="test_create_and_delete_product" time="0.501" /><testcase classname="backend.tests.test_stock_link_iter66.TestCaisseProductsCRUD" name="test_create_product_with_stock_link" time="0.495" /></testsuite></testsuites>