<?xml version="1.0" encoding="utf-8"?><testsuites><testsuite name="pytest" errors="0" failures="0" skipped="0" tests="12" time="3.846" timestamp="2026-03-17T20:23:02.999788" hostname="agent-env-cbdcd10d-e43c-496e-baa0-5a7b611c7625"><testcase classname="backend.tests.test_subscriptions.TestSubscriptionsAPI" name="test_get_subscriptions_list" time="0.344" /><testcase classname="backend.tests.test_subscriptions.TestSubscriptionsAPI" name="test_get_subscriptions_filter_by_type" time="0.125" /><testcase classname="backend.tests.test_subscriptions.TestSubscriptionsAPI" name="test_get_subscriptions_filter_by_category" time="0.167" /><testcase classname="backend.tests.test_subscriptions.TestSubscriptionsAPI" name="test_create_subscription_supplier" time="0.120" /><testcase classname="backend.tests.test_subscriptions.TestSubscriptionsAPI" name="test_create_subscription_client" time="0.117" /><testcase classname="backend.tests.test_subscriptions.TestSubscriptionsAPI" name="test_get_single_subscription" time="0.343" /><testcase classname="backend.tests.test_subscriptions.TestSubscriptionsAPI" name="test_get_nonexistent_subscription" time="0.131" /><testcase classname="backend.tests.test_subscriptions.TestSubscriptionsAPI" name="test_update_subscription" time="0.547" /><testcase classname="backend.tests.test_subscriptions.TestSubscriptionsAPI" name="test_record_payment" time="0.457" /><testcase classname="backend.tests.test_subscriptions.TestSubscriptionsAPI" name="test_delete_subscription" time="0.553" /><testcase classname="backend.tests.test_subscriptions.TestSubscriptionsAPI" name="test_alerts_summary" time="0.122" /><testcase classname="backend.tests.test_subscriptions.TestSubscriptionsAPI" name="test_payment_history" time="0.733" /></testsuite></testsuites>