<?xml version="1.0" encoding="utf-8"?><testsuites><testsuite name="pytest" errors="0" failures="0" skipped="0" tests="23" time="30.800" timestamp="2026-04-22T14:07:13.294525" hostname="agent-env-cbdcd10d-e43c-496e-baa0-5a7b611c7625"><testcase classname="backend.tests.test_suppliers_purchase_orders.TestSuppliersAPI" name="test_list_suppliers_empty_or_existing" time="0.139" /><testcase classname="backend.tests.test_suppliers_purchase_orders.TestSuppliersAPI" name="test_create_supplier" time="4.548" /><testcase classname="backend.tests.test_suppliers_purchase_orders.TestSuppliersAPI" name="test_get_supplier_by_id" time="0.211" /><testcase classname="backend.tests.test_suppliers_purchase_orders.TestSuppliersAPI" name="test_update_supplier" time="0.432" /><testcase classname="backend.tests.test_suppliers_purchase_orders.TestSuppliersAPI" name="test_delete_supplier" time="0.333" /><testcase classname="backend.tests.test_suppliers_purchase_orders.TestPurchaseOrdersAPI" name="test_list_purchase_orders" time="0.216" /><testcase classname="backend.tests.test_suppliers_purchase_orders.TestPurchaseOrdersAPI" name="test_list_purchase_orders_with_status_filter" time="0.233" /><testcase classname="backend.tests.test_suppliers_purchase_orders.TestPurchaseOrdersAPI" name="test_create_purchase_order_direct" time="0.234" /><testcase classname="backend.tests.test_suppliers_purchase_orders.TestPurchaseOrdersAPI" name="test_send_purchase_order" time="0.411" /><testcase classname="backend.tests.test_suppliers_purchase_orders.TestPurchaseOrdersAPI" name="test_receive_partial" time="0.575" /><testcase classname="backend.tests.test_suppliers_purchase_orders.TestPurchaseOrdersAPI" name="test_receive_complete" time="0.544" /><testcase classname="backend.tests.test_suppliers_purchase_orders.TestPurchaseOrdersAPI" name="test_pay_purchase_order" time="0.671" /><testcase classname="backend.tests.test_suppliers_purchase_orders.TestPurchaseOrdersAPI" name="test_cancel_purchase_order" time="0.508" /><testcase classname="backend.tests.test_suppliers_purchase_orders.TestPurchaseOrdersAPI" name="test_delete_draft_purchase_order" time="0.518" /><testcase classname="backend.tests.test_suppliers_purchase_orders.TestPurchaseOrdersAPI" name="test_delete_sent_purchase_order_fails" time="0.433" /><testcase classname="backend.tests.test_suppliers_purchase_orders.TestPurchaseOrderFromExpense" name="test_create_po_from_approved_expense" time="4.477" /><testcase classname="backend.tests.test_suppliers_purchase_orders.TestPurchaseOrderFromExpense" name="test_convert_pending_expense_fails" time="2.900" /><testcase classname="backend.tests.test_suppliers_purchase_orders.TestPurchaseOrderFromExpense" name="test_convert_already_converted_expense_fails" time="5.876" /><testcase classname="backend.tests.test_suppliers_purchase_orders.TestPurchaseOrderStatusValidation" name="test_cannot_receive_without_send" time="0.307" /><testcase classname="backend.tests.test_suppliers_purchase_orders.TestPurchaseOrderStatusValidation" name="test_cannot_pay_without_receive" time="0.553" /><testcase classname="backend.tests.test_suppliers_purchase_orders.TestPurchaseOrderStatusValidation" name="test_cannot_cancel_received_po" time="0.570" /><testcase classname="backend.tests.test_suppliers_purchase_orders.TestPurchaseOrderStatusValidation" name="test_cannot_cancel_paid_po" time="0.795" /><testcase classname="backend.tests.test_suppliers_purchase_orders.TestStockMovementsOnReceive" name="test_stock_movements_created_on_receive" time="5.255" /></testsuite></testsuites>