<?xml version="1.0" encoding="utf-8"?><testsuites><testsuite name="pytest" errors="0" failures="0" skipped="0" tests="12" time="2.554" timestamp="2026-05-29T08:20:35.602198" hostname="agent-env-cbdcd10d-e43c-496e-baa0-5a7b611c7625"><testcase classname="backend.tests.test_sync_offline_iter86.TestSyncPing" name="test_ping_returns_ok_and_server_time" time="0.264" /><testcase classname="backend.tests.test_sync_offline_iter86.TestSyncSnapshot" name="test_snapshot_returns_all_required_fields" time="0.134" /><testcase classname="backend.tests.test_sync_offline_iter86.TestSyncSnapshot" name="test_snapshot_users_no_password_hash" time="0.126" /><testcase classname="backend.tests.test_sync_offline_iter86.TestSyncQueueProcess" name="test_create_table_success" time="0.229" /><testcase classname="backend.tests.test_sync_offline_iter86.TestSyncQueueProcess" name="test_create_table_duplicate_idempotency" time="0.323" /><testcase classname="backend.tests.test_sync_offline_iter86.TestSyncQueueProcess" name="test_create_table_conflict_already_exists" time="0.331" /><testcase classname="backend.tests.test_sync_offline_iter86.TestSyncQueueProcess" name="test_update_table_conflict_not_found" time="0.103" /><testcase classname="backend.tests.test_sync_offline_iter86.TestSyncQueueProcess" name="test_delete_table_idempotent_not_found" time="0.105" /><testcase classname="backend.tests.test_sync_offline_iter86.TestSyncQueueProcess" name="test_create_invoice_conflict_day_not_open" time="0.408" /><testcase classname="backend.tests.test_sync_offline_iter86.TestSyncQueueProcess" name="test_unknown_action_type_error" time="0.124" /><testcase classname="backend.tests.test_sync_offline_iter86.TestSyncQueueStatus" name="test_queue_status_returns_processed_actions" time="0.120" /><testcase classname="backend.tests.test_sync_offline_iter86.TestSyncQueueCreateInvoiceWithDayOpen" name="test_create_invoice_success_when_day_open" time="0.239" /></testsuite></testsuites>