<?xml version="1.0" encoding="utf-8"?><testsuites><testsuite name="pytest" errors="0" failures="0" skipped="0" tests="24" time="11.549" timestamp="2026-04-22T17:03:50.900659" hostname="agent-env-cbdcd10d-e43c-496e-baa0-5a7b611c7625"><testcase classname="backend.tests.test_tips.TestTipsCreate" name="test_create_tip_pool_attribution" time="0.441" /><testcase classname="backend.tests.test_tips.TestTipsCreate" name="test_create_tip_server_attribution_with_server_name" time="0.234" /><testcase classname="backend.tests.test_tips.TestTipsCreate" name="test_create_tip_server_attribution_missing_server_name_returns_400" time="0.105" /><testcase classname="backend.tests.test_tips.TestTipsCreate" name="test_create_tip_server_attribution_null_server_name_returns_400" time="0.112" /><testcase classname="backend.tests.test_tips.TestTipsCreate" name="test_create_tip_invalid_payment_method_returns_400" time="0.156" /><testcase classname="backend.tests.test_tips.TestTipsCreate" name="test_create_tip_valid_payment_methods" time="0.937" /><testcase classname="backend.tests.test_tips.TestTipsCreate" name="test_create_tip_amount_zero_returns_400" time="0.110" /><testcase classname="backend.tests.test_tips.TestTipsCreate" name="test_create_tip_negative_amount_returns_400" time="0.109" /><testcase classname="backend.tests.test_tips.TestTipsCreate" name="test_create_tip_decimal_amount_accepted" time="0.231" /><testcase classname="backend.tests.test_tips.TestTipsCreate" name="test_create_tip_default_date_is_today" time="0.222" /><testcase classname="backend.tests.test_tips.TestTipsList" name="test_list_tips_returns_tips_array" time="0.762" /><testcase classname="backend.tests.test_tips.TestTipsList" name="test_list_tips_filter_by_server" time="1.027" /><testcase classname="backend.tests.test_tips.TestTipsList" name="test_list_tips_filter_by_date_range" time="0.878" /><testcase classname="backend.tests.test_tips.TestTipsUpdate" name="test_update_tip_fields" time="0.518" /><testcase classname="backend.tests.test_tips.TestTipsUpdate" name="test_update_tip_switch_to_pool_clears_server_name" time="0.513" /><testcase classname="backend.tests.test_tips.TestTipsUpdate" name="test_update_tip_switch_to_server_without_server_name_returns_400" time="0.365" /><testcase classname="backend.tests.test_tips.TestTipsDelete" name="test_delete_tip_success" time="0.485" /><testcase classname="backend.tests.test_tips.TestTipsDelete" name="test_delete_nonexistent_tip_returns_404" time="0.108" /><testcase classname="backend.tests.test_tips.TestTipsSummary" name="test_summary_returns_correct_structure" time="0.773" /><testcase classname="backend.tests.test_tips.TestTipsSummary" name="test_summary_day_totals_correct" time="0.782" /><testcase classname="backend.tests.test_tips.TestTipsSummary" name="test_summary_ranking_only_server_tips" time="0.827" /><testcase classname="backend.tests.test_tips.TestTipsSummary" name="test_summary_filter_by_server" time="0.803" /><testcase classname="backend.tests.test_tips.TestTipsSummary" name="test_summary_by_payment_method_breakdown" time="0.843" /><testcase classname="backend.tests.test_tips.TestCaisseUsersForTips" name="test_caisse_users_returns_servers" time="0.106" /></testsuite></testsuites>