<?xml version="1.0" encoding="utf-8"?><testsuites><testsuite name="pytest" errors="0" failures="0" skipped="0" tests="9" time="7.421" timestamp="2026-04-25T17:55:56.906021" hostname="agent-env-cbdcd10d-e43c-496e-baa0-5a7b611c7625"><testcase classname="backend.tests.test_topup_iter63.TestTopUpEndpoint" name="test_topup_success_basic" time="0.457" /><testcase classname="backend.tests.test_topup_iter63.TestTopUpEndpoint" name="test_topup_with_custom_label" time="0.362" /><testcase classname="backend.tests.test_topup_iter63.TestTopUpEndpoint" name="test_topup_with_received_date" time="0.375" /><testcase classname="backend.tests.test_topup_iter63.TestTopUpEndpoint" name="test_topup_negative_amount_rejected" time="0.326" /><testcase classname="backend.tests.test_topup_iter63.TestTopUpEndpoint" name="test_topup_zero_amount_rejected" time="0.356" /><testcase classname="backend.tests.test_topup_iter63.TestTopUpEndpoint" name="test_topup_creates_topups_array_entry" time="0.596" /><testcase classname="backend.tests.test_topup_iter63.TestTopUpEndpoint" name="test_topup_account_not_found" time="0.341" /><testcase classname="backend.tests.test_topup_iter63.TestTopUpEndpoint" name="test_topup_fully_repaid_account" time="0.690" /><testcase classname="backend.tests.test_topup_iter63.TestTopUpIntegrationWithSmartAllocate" name="test_smart_allocate_topup_existing_creates_topups_entry" time="3.860" /></testsuite></testsuites>