<?xml version="1.0" encoding="utf-8"?><testsuites><testsuite name="pytest" errors="0" failures="0" skipped="0" tests="16" time="4.741" timestamp="2026-05-31T13:38:18.280595" hostname="agent-env-cbdcd10d-e43c-496e-baa0-5a7b611c7625"><testcase classname="backend.tests.test_workflow_tables_bons_factures_iter95.TestDayOpeningPrerequisite" name="test_day_is_open" time="1.435" /><testcase classname="backend.tests.test_workflow_tables_bons_factures_iter95.TestCreateTableVierge" name="test_create_table_items_empty" time="0.119" /><testcase classname="backend.tests.test_workflow_tables_bons_factures_iter95.TestCreateTableVierge" name="test_second_table_also_vierge" time="0.127" /><testcase classname="backend.tests.test_workflow_tables_bons_factures_iter95.TestUpdateTableWithItems" name="test_add_items_to_table" time="0.122" /><testcase classname="backend.tests.test_workflow_tables_bons_factures_iter95.TestCreateInvoiceWithBonNumber" name="test_create_invoice_pending_with_bon_number" time="0.119" /><testcase classname="backend.tests.test_workflow_tables_bons_factures_iter95.TestCreateInvoiceWithBonNumber" name="test_invoice_without_table_number_no_bon" time="0.146" /><testcase classname="backend.tests.test_workflow_tables_bons_factures_iter95.TestUpdateTableReadyToInvoice" name="test_set_table_ready_to_invoice" time="0.108" /><testcase classname="backend.tests.test_workflow_tables_bons_factures_iter95.TestValidateInvoice" name="test_validate_invoice_preserves_bon_number" time="0.308" /><testcase classname="backend.tests.test_workflow_tables_bons_factures_iter95.TestGetInvoicesValidatedOnly" name="test_get_invoices_validated_only_true" time="0.129" /><testcase classname="backend.tests.test_workflow_tables_bons_factures_iter95.TestGetInvoicesValidatedOnly" name="test_get_invoices_validated_only_false" time="0.136" /><testcase classname="backend.tests.test_workflow_tables_bons_factures_iter95.TestWorkflowE2EComplete" name="test_full_workflow_table_to_validated_invoice" time="0.751" /><testcase classname="backend.tests.test_workflow_tables_bons_factures_iter95.TestSecondTableAfterValidation" name="test_new_table_after_validation_is_vierge" time="0.119" /><testcase classname="backend.tests.test_workflow_tables_bons_factures_iter95.TestAuditLogs" name="test_audit_log_invoice_creation" time="0.122" /><testcase classname="backend.tests.test_workflow_tables_bons_factures_iter95.TestAuditLogs" name="test_audit_log_invoice_validation" time="0.136" /><testcase classname="backend.tests.test_workflow_tables_bons_factures_iter95.TestCleanup" name="test_cleanup_test_tables" time="0.470" /><testcase classname="backend.tests.test_workflow_tables_bons_factures_iter95.TestCleanup" name="test_cleanup_test_invoices" time="0.341" /></testsuite></testsuites>